CRITICAL - 2025-08-21 01:47:44 --> Undefined variable $total_cart_amount
in APPPATH/Controllers/Ajex.php on line 214.
 1 APPPATH/Controllers/Ajex.php(214): CodeIgniter\Debug\Exceptions->errorHandler(2, 'Undefined variable $total_cart_amount', 'APPPATH/Controllers/Ajex.php', 214)
 2 SYSTEMPATH/CodeIgniter.php(925): App\Controllers\Ajex->my_cart_list()
 3 SYSTEMPATH/CodeIgniter.php(480): CodeIgniter\CodeIgniter->runController(Object(App\Controllers\Ajex))
 4 SYSTEMPATH/CodeIgniter.php(349): CodeIgniter\CodeIgniter->handleRequest(null, Object(Config\Cache), false)
 5 FCPATH/index.php(67): CodeIgniter\CodeIgniter->run()
CRITICAL - 2025-08-21 01:48:15 --> Undefined variable $total_cart_amount
in APPPATH/Controllers/Ajex.php on line 214.
 1 APPPATH/Controllers/Ajex.php(214): CodeIgniter\Debug\Exceptions->errorHandler(2, 'Undefined variable $total_cart_amount', 'APPPATH/Controllers/Ajex.php', 214)
 2 SYSTEMPATH/CodeIgniter.php(925): App\Controllers\Ajex->my_cart_list()
 3 SYSTEMPATH/CodeIgniter.php(480): CodeIgniter\CodeIgniter->runController(Object(App\Controllers\Ajex))
 4 SYSTEMPATH/CodeIgniter.php(349): CodeIgniter\CodeIgniter->handleRequest(null, Object(Config\Cache), false)
 5 FCPATH/index.php(67): CodeIgniter\CodeIgniter->run()
CRITICAL - 2025-08-21 01:48:17 --> Undefined variable $total_cart_amount
in APPPATH/Controllers/Ajex.php on line 214.
 1 APPPATH/Controllers/Ajex.php(214): CodeIgniter\Debug\Exceptions->errorHandler(2, 'Undefined variable $total_cart_amount', 'APPPATH/Controllers/Ajex.php', 214)
 2 SYSTEMPATH/CodeIgniter.php(925): App\Controllers\Ajex->my_cart_list()
 3 SYSTEMPATH/CodeIgniter.php(480): CodeIgniter\CodeIgniter->runController(Object(App\Controllers\Ajex))
 4 SYSTEMPATH/CodeIgniter.php(349): CodeIgniter\CodeIgniter->handleRequest(null, Object(Config\Cache), false)
 5 FCPATH/index.php(67): CodeIgniter\CodeIgniter->run()
CRITICAL - 2025-08-21 01:48:44 --> Undefined variable $total_cart_amount
in APPPATH/Controllers/Ajex.php on line 214.
 1 APPPATH/Controllers/Ajex.php(214): CodeIgniter\Debug\Exceptions->errorHandler(2, 'Undefined variable $total_cart_amount', 'APPPATH/Controllers/Ajex.php', 214)
 2 SYSTEMPATH/CodeIgniter.php(925): App\Controllers\Ajex->my_cart_list()
 3 SYSTEMPATH/CodeIgniter.php(480): CodeIgniter\CodeIgniter->runController(Object(App\Controllers\Ajex))
 4 SYSTEMPATH/CodeIgniter.php(349): CodeIgniter\CodeIgniter->handleRequest(null, Object(Config\Cache), false)
 5 FCPATH/index.php(67): CodeIgniter\CodeIgniter->run()
CRITICAL - 2025-08-21 01:49:54 --> Undefined variable $total_cart_amount
in APPPATH/Controllers/Ajex.php on line 214.
 1 APPPATH/Controllers/Ajex.php(214): CodeIgniter\Debug\Exceptions->errorHandler(2, 'Undefined variable $total_cart_amount', 'APPPATH/Controllers/Ajex.php', 214)
 2 SYSTEMPATH/CodeIgniter.php(925): App\Controllers\Ajex->my_cart_list()
 3 SYSTEMPATH/CodeIgniter.php(480): CodeIgniter\CodeIgniter->runController(Object(App\Controllers\Ajex))
 4 SYSTEMPATH/CodeIgniter.php(349): CodeIgniter\CodeIgniter->handleRequest(null, Object(Config\Cache), false)
 5 FCPATH/index.php(67): CodeIgniter\CodeIgniter->run()
CRITICAL - 2025-08-21 08:25:13 --> Undefined variable $total_cart_amount
in APPPATH/Controllers/Ajex.php on line 214.
 1 APPPATH/Controllers/Ajex.php(214): CodeIgniter\Debug\Exceptions->errorHandler(2, 'Undefined variable $total_cart_amount', 'APPPATH/Controllers/Ajex.php', 214)
 2 SYSTEMPATH/CodeIgniter.php(925): App\Controllers\Ajex->my_cart_list()
 3 SYSTEMPATH/CodeIgniter.php(480): CodeIgniter\CodeIgniter->runController(Object(App\Controllers\Ajex))
 4 SYSTEMPATH/CodeIgniter.php(349): CodeIgniter\CodeIgniter->handleRequest(null, Object(Config\Cache), false)
 5 FCPATH/index.php(67): CodeIgniter\CodeIgniter->run()
CRITICAL - 2025-08-21 08:25:31 --> Undefined variable $total_cart_amount
in APPPATH/Controllers/Ajex.php on line 214.
 1 APPPATH/Controllers/Ajex.php(214): CodeIgniter\Debug\Exceptions->errorHandler(2, 'Undefined variable $total_cart_amount', 'APPPATH/Controllers/Ajex.php', 214)
 2 SYSTEMPATH/CodeIgniter.php(925): App\Controllers\Ajex->my_cart_list()
 3 SYSTEMPATH/CodeIgniter.php(480): CodeIgniter\CodeIgniter->runController(Object(App\Controllers\Ajex))
 4 SYSTEMPATH/CodeIgniter.php(349): CodeIgniter\CodeIgniter->handleRequest(null, Object(Config\Cache), false)
 5 FCPATH/index.php(67): CodeIgniter\CodeIgniter->run()
