CRITICAL - 2025-11-06 10:13:33 --> Allowed memory size of 536870912 bytes exhausted (tried to allocate 20480 bytes)
in SYSTEMPATH/Database/BaseBuilder.php on line 2862.
 1 [internal function]: CodeIgniter\Debug\Exceptions->shutdownHandler()
CRITICAL - 2025-11-06 10:15:18 --> Undefined variable $total_cart_amount
in APPPATH/Controllers/Ajex.php on line 214.
 1 APPPATH/Controllers/Ajex.php(214): CodeIgniter\Debug\Exceptions->errorHandler(2, 'Undefined variable $total_cart_amount', 'APPPATH/Controllers/Ajex.php', 214)
 2 SYSTEMPATH/CodeIgniter.php(925): App\Controllers\Ajex->my_cart_list()
 3 SYSTEMPATH/CodeIgniter.php(480): CodeIgniter\CodeIgniter->runController(Object(App\Controllers\Ajex))
 4 SYSTEMPATH/CodeIgniter.php(349): CodeIgniter\CodeIgniter->handleRequest(null, Object(Config\Cache), false)
 5 FCPATH/index.php(67): CodeIgniter\CodeIgniter->run()
CRITICAL - 2025-11-06 10:15:35 --> Attempt to read property "cms_id" on null
in APPPATH/Views/admin/edit-cms.php on line 36.
 1 APPPATH/Views/admin/edit-cms.php(36): CodeIgniter\Debug\Exceptions->errorHandler(2, 'Attempt to read property "cms_id" on null', 'APPPATH/Views/admin/edit-cms.php', 36)
 2 SYSTEMPATH/View/View.php(213): include('APPPATH/Views/admin/edit-cms.php')
 3 SYSTEMPATH/View/View.php(216): CodeIgniter\View\View->CodeIgniter\View\{closure}()
 4 SYSTEMPATH/Common.php(1135): CodeIgniter\View\View->render('admin/edit-cms', [], true)
 5 APPPATH/Controllers/Admin.php(772): view('admin/edit-cms', [...])
 6 SYSTEMPATH/CodeIgniter.php(925): App\Controllers\Admin->edit_cms('FCPATH/assets', 'img', 'user', 'u2.jpg')
 7 SYSTEMPATH/CodeIgniter.php(480): CodeIgniter\CodeIgniter->runController(Object(App\Controllers\Admin))
 8 SYSTEMPATH/CodeIgniter.php(349): CodeIgniter\CodeIgniter->handleRequest(null, Object(Config\Cache), false)
 9 FCPATH/index.php(67): CodeIgniter\CodeIgniter->run()
CRITICAL - 2025-11-06 10:15:35 --> Attempt to read property "cms_id" on null
in APPPATH/Views/admin/edit-cms.php on line 36.
 1 APPPATH/Views/admin/edit-cms.php(36): CodeIgniter\Debug\Exceptions->errorHandler(2, 'Attempt to read property "cms_id" on null', 'APPPATH/Views/admin/edit-cms.php', 36)
 2 SYSTEMPATH/View/View.php(213): include('APPPATH/Views/admin/edit-cms.php')
 3 SYSTEMPATH/View/View.php(216): CodeIgniter\View\View->CodeIgniter\View\{closure}()
 4 SYSTEMPATH/Common.php(1135): CodeIgniter\View\View->render('admin/edit-cms', [], true)
 5 APPPATH/Controllers/Admin.php(772): view('admin/edit-cms', [...])
 6 SYSTEMPATH/CodeIgniter.php(925): App\Controllers\Admin->edit_cms('FCPATH/assets', 'img', 'user', 'u5.jpg')
 7 SYSTEMPATH/CodeIgniter.php(480): CodeIgniter\CodeIgniter->runController(Object(App\Controllers\Admin))
 8 SYSTEMPATH/CodeIgniter.php(349): CodeIgniter\CodeIgniter->handleRequest(null, Object(Config\Cache), false)
 9 FCPATH/index.php(67): CodeIgniter\CodeIgniter->run()
CRITICAL - 2025-11-06 10:15:35 --> Attempt to read property "cms_id" on null
in APPPATH/Views/admin/edit-cms.php on line 36.
 1 APPPATH/Views/admin/edit-cms.php(36): CodeIgniter\Debug\Exceptions->errorHandler(2, 'Attempt to read property "cms_id" on null', 'APPPATH/Views/admin/edit-cms.php', 36)
 2 SYSTEMPATH/View/View.php(213): include('APPPATH/Views/admin/edit-cms.php')
 3 SYSTEMPATH/View/View.php(216): CodeIgniter\View\View->CodeIgniter\View\{closure}()
 4 SYSTEMPATH/Common.php(1135): CodeIgniter\View\View->render('admin/edit-cms', [], true)
 5 APPPATH/Controllers/Admin.php(772): view('admin/edit-cms', [...])
 6 SYSTEMPATH/CodeIgniter.php(925): App\Controllers\Admin->edit_cms('FCPATH/assets', 'img', 'user', 'u1.jpg')
 7 SYSTEMPATH/CodeIgniter.php(480): CodeIgniter\CodeIgniter->runController(Object(App\Controllers\Admin))
 8 SYSTEMPATH/CodeIgniter.php(349): CodeIgniter\CodeIgniter->handleRequest(null, Object(Config\Cache), false)
 9 FCPATH/index.php(67): CodeIgniter\CodeIgniter->run()
CRITICAL - 2025-11-06 10:15:36 --> Attempt to read property "cms_id" on null
in APPPATH/Views/admin/edit-cms.php on line 36.
 1 APPPATH/Views/admin/edit-cms.php(36): CodeIgniter\Debug\Exceptions->errorHandler(2, 'Attempt to read property "cms_id" on null', 'APPPATH/Views/admin/edit-cms.php', 36)
 2 SYSTEMPATH/View/View.php(213): include('APPPATH/Views/admin/edit-cms.php')
 3 SYSTEMPATH/View/View.php(216): CodeIgniter\View\View->CodeIgniter\View\{closure}()
 4 SYSTEMPATH/Common.php(1135): CodeIgniter\View\View->render('admin/edit-cms', [], true)
 5 APPPATH/Controllers/Admin.php(772): view('admin/edit-cms', [...])
 6 SYSTEMPATH/CodeIgniter.php(925): App\Controllers\Admin->edit_cms('FCPATH/assets', 'img', 'user', 'u4.jpg')
 7 SYSTEMPATH/CodeIgniter.php(480): CodeIgniter\CodeIgniter->runController(Object(App\Controllers\Admin))
 8 SYSTEMPATH/CodeIgniter.php(349): CodeIgniter\CodeIgniter->handleRequest(null, Object(Config\Cache), false)
 9 FCPATH/index.php(67): CodeIgniter\CodeIgniter->run()
CRITICAL - 2025-11-06 10:16:25 --> Undefined variable $total_cart_amount
in APPPATH/Controllers/Ajex.php on line 214.
 1 APPPATH/Controllers/Ajex.php(214): CodeIgniter\Debug\Exceptions->errorHandler(2, 'Undefined variable $total_cart_amount', 'APPPATH/Controllers/Ajex.php', 214)
 2 SYSTEMPATH/CodeIgniter.php(925): App\Controllers\Ajex->my_cart_list()
 3 SYSTEMPATH/CodeIgniter.php(480): CodeIgniter\CodeIgniter->runController(Object(App\Controllers\Ajex))
 4 SYSTEMPATH/CodeIgniter.php(349): CodeIgniter\CodeIgniter->handleRequest(null, Object(Config\Cache), false)
 5 FCPATH/index.php(67): CodeIgniter\CodeIgniter->run()
CRITICAL - 2025-11-06 10:17:25 --> Attempt to read property "cms_id" on null
in APPPATH/Views/admin/edit-cms.php on line 36.
 1 APPPATH/Views/admin/edit-cms.php(36): CodeIgniter\Debug\Exceptions->errorHandler(2, 'Attempt to read property "cms_id" on null', 'APPPATH/Views/admin/edit-cms.php', 36)
 2 SYSTEMPATH/View/View.php(213): include('APPPATH/Views/admin/edit-cms.php')
 3 SYSTEMPATH/View/View.php(216): CodeIgniter\View\View->CodeIgniter\View\{closure}()
 4 SYSTEMPATH/Common.php(1135): CodeIgniter\View\View->render('admin/edit-cms', [], true)
 5 APPPATH/Controllers/Admin.php(772): view('admin/edit-cms', [...])
 6 SYSTEMPATH/CodeIgniter.php(925): App\Controllers\Admin->edit_cms('FCPATH/assets', 'img', 'user', 'u2.jpg')
 7 SYSTEMPATH/CodeIgniter.php(480): CodeIgniter\CodeIgniter->runController(Object(App\Controllers\Admin))
 8 SYSTEMPATH/CodeIgniter.php(349): CodeIgniter\CodeIgniter->handleRequest(null, Object(Config\Cache), false)
 9 FCPATH/index.php(67): CodeIgniter\CodeIgniter->run()
CRITICAL - 2025-11-06 10:17:25 --> Attempt to read property "cms_id" on null
in APPPATH/Views/admin/edit-cms.php on line 36.
 1 APPPATH/Views/admin/edit-cms.php(36): CodeIgniter\Debug\Exceptions->errorHandler(2, 'Attempt to read property "cms_id" on null', 'APPPATH/Views/admin/edit-cms.php', 36)
 2 SYSTEMPATH/View/View.php(213): include('APPPATH/Views/admin/edit-cms.php')
 3 SYSTEMPATH/View/View.php(216): CodeIgniter\View\View->CodeIgniter\View\{closure}()
 4 SYSTEMPATH/Common.php(1135): CodeIgniter\View\View->render('admin/edit-cms', [], true)
 5 APPPATH/Controllers/Admin.php(772): view('admin/edit-cms', [...])
 6 SYSTEMPATH/CodeIgniter.php(925): App\Controllers\Admin->edit_cms('FCPATH/assets', 'img', 'user', 'u1.jpg')
 7 SYSTEMPATH/CodeIgniter.php(480): CodeIgniter\CodeIgniter->runController(Object(App\Controllers\Admin))
 8 SYSTEMPATH/CodeIgniter.php(349): CodeIgniter\CodeIgniter->handleRequest(null, Object(Config\Cache), false)
 9 FCPATH/index.php(67): CodeIgniter\CodeIgniter->run()
CRITICAL - 2025-11-06 10:17:25 --> Attempt to read property "cms_id" on null
in APPPATH/Views/admin/edit-cms.php on line 36.
 1 APPPATH/Views/admin/edit-cms.php(36): CodeIgniter\Debug\Exceptions->errorHandler(2, 'Attempt to read property "cms_id" on null', 'APPPATH/Views/admin/edit-cms.php', 36)
 2 SYSTEMPATH/View/View.php(213): include('APPPATH/Views/admin/edit-cms.php')
 3 SYSTEMPATH/View/View.php(216): CodeIgniter\View\View->CodeIgniter\View\{closure}()
 4 SYSTEMPATH/Common.php(1135): CodeIgniter\View\View->render('admin/edit-cms', [], true)
 5 APPPATH/Controllers/Admin.php(772): view('admin/edit-cms', [...])
 6 SYSTEMPATH/CodeIgniter.php(925): App\Controllers\Admin->edit_cms('FCPATH/assets', 'img', 'user', 'u4.jpg')
 7 SYSTEMPATH/CodeIgniter.php(480): CodeIgniter\CodeIgniter->runController(Object(App\Controllers\Admin))
 8 SYSTEMPATH/CodeIgniter.php(349): CodeIgniter\CodeIgniter->handleRequest(null, Object(Config\Cache), false)
 9 FCPATH/index.php(67): CodeIgniter\CodeIgniter->run()
CRITICAL - 2025-11-06 10:17:26 --> Attempt to read property "cms_id" on null
in APPPATH/Views/admin/edit-cms.php on line 36.
 1 APPPATH/Views/admin/edit-cms.php(36): CodeIgniter\Debug\Exceptions->errorHandler(2, 'Attempt to read property "cms_id" on null', 'APPPATH/Views/admin/edit-cms.php', 36)
 2 SYSTEMPATH/View/View.php(213): include('APPPATH/Views/admin/edit-cms.php')
 3 SYSTEMPATH/View/View.php(216): CodeIgniter\View\View->CodeIgniter\View\{closure}()
 4 SYSTEMPATH/Common.php(1135): CodeIgniter\View\View->render('admin/edit-cms', [], true)
 5 APPPATH/Controllers/Admin.php(772): view('admin/edit-cms', [...])
 6 SYSTEMPATH/CodeIgniter.php(925): App\Controllers\Admin->edit_cms('FCPATH/assets', 'img', 'user', 'u5.jpg')
 7 SYSTEMPATH/CodeIgniter.php(480): CodeIgniter\CodeIgniter->runController(Object(App\Controllers\Admin))
 8 SYSTEMPATH/CodeIgniter.php(349): CodeIgniter\CodeIgniter->handleRequest(null, Object(Config\Cache), false)
 9 FCPATH/index.php(67): CodeIgniter\CodeIgniter->run()
CRITICAL - 2025-11-06 10:17:59 --> Undefined variable $total_cart_amount
in APPPATH/Controllers/Ajex.php on line 214.
 1 APPPATH/Controllers/Ajex.php(214): CodeIgniter\Debug\Exceptions->errorHandler(2, 'Undefined variable $total_cart_amount', 'APPPATH/Controllers/Ajex.php', 214)
 2 SYSTEMPATH/CodeIgniter.php(925): App\Controllers\Ajex->my_cart_list()
 3 SYSTEMPATH/CodeIgniter.php(480): CodeIgniter\CodeIgniter->runController(Object(App\Controllers\Ajex))
 4 SYSTEMPATH/CodeIgniter.php(349): CodeIgniter\CodeIgniter->handleRequest(null, Object(Config\Cache), false)
 5 FCPATH/index.php(67): CodeIgniter\CodeIgniter->run()
CRITICAL - 2025-11-06 10:18:19 --> Undefined variable $total_cart_amount
in APPPATH/Controllers/Ajex.php on line 214.
 1 APPPATH/Controllers/Ajex.php(214): CodeIgniter\Debug\Exceptions->errorHandler(2, 'Undefined variable $total_cart_amount', 'APPPATH/Controllers/Ajex.php', 214)
 2 SYSTEMPATH/CodeIgniter.php(925): App\Controllers\Ajex->my_cart_list()
 3 SYSTEMPATH/CodeIgniter.php(480): CodeIgniter\CodeIgniter->runController(Object(App\Controllers\Ajex))
 4 SYSTEMPATH/CodeIgniter.php(349): CodeIgniter\CodeIgniter->handleRequest(null, Object(Config\Cache), false)
 5 FCPATH/index.php(67): CodeIgniter\CodeIgniter->run()
