CRITICAL - 2026-02-01 00:17:29 --> Undefined variable $total_cart_amount
in APPPATH/Controllers/Ajex.php on line 214.
 1 APPPATH/Controllers/Ajex.php(214): CodeIgniter\Debug\Exceptions->errorHandler()
 2 SYSTEMPATH/CodeIgniter.php(925): App\Controllers\Ajex->my_cart_list()
 3 SYSTEMPATH/CodeIgniter.php(480): CodeIgniter\CodeIgniter->runController()
 4 SYSTEMPATH/CodeIgniter.php(349): CodeIgniter\CodeIgniter->handleRequest()
 5 FCPATH/index.php(67): CodeIgniter\CodeIgniter->run()
CRITICAL - 2026-02-01 00:21:27 --> Undefined variable $total_cart_amount
in APPPATH/Controllers/Ajex.php on line 214.
 1 APPPATH/Controllers/Ajex.php(214): CodeIgniter\Debug\Exceptions->errorHandler()
 2 SYSTEMPATH/CodeIgniter.php(925): App\Controllers\Ajex->my_cart_list()
 3 SYSTEMPATH/CodeIgniter.php(480): CodeIgniter\CodeIgniter->runController()
 4 SYSTEMPATH/CodeIgniter.php(349): CodeIgniter\CodeIgniter->handleRequest()
 5 FCPATH/index.php(67): CodeIgniter\CodeIgniter->run()
CRITICAL - 2026-02-01 02:11:39 --> Attempt to read property "collections_id" on null
in APPPATH/Controllers/Home.php on line 223.
 1 APPPATH/Controllers/Home.php(223): CodeIgniter\Debug\Exceptions->errorHandler()
 2 SYSTEMPATH/CodeIgniter.php(925): App\Controllers\Home->collection()
 3 SYSTEMPATH/CodeIgniter.php(480): CodeIgniter\CodeIgniter->runController()
 4 SYSTEMPATH/CodeIgniter.php(349): CodeIgniter\CodeIgniter->handleRequest()
 5 FCPATH/index.php(67): CodeIgniter\CodeIgniter->run()
CRITICAL - 2026-02-01 02:11:39 --> Attempt to read property "collections_id" on null
in APPPATH/Controllers/Home.php on line 223.
 1 APPPATH/Controllers/Home.php(223): CodeIgniter\Debug\Exceptions->errorHandler()
 2 SYSTEMPATH/CodeIgniter.php(925): App\Controllers\Home->collection()
 3 SYSTEMPATH/CodeIgniter.php(480): CodeIgniter\CodeIgniter->runController()
 4 SYSTEMPATH/CodeIgniter.php(349): CodeIgniter\CodeIgniter->handleRequest()
 5 FCPATH/index.php(67): CodeIgniter\CodeIgniter->run()
CRITICAL - 2026-02-01 02:11:39 --> Undefined variable $total_cart_amount
in APPPATH/Controllers/Ajex.php on line 214.
 1 APPPATH/Controllers/Ajex.php(214): CodeIgniter\Debug\Exceptions->errorHandler()
 2 SYSTEMPATH/CodeIgniter.php(925): App\Controllers\Ajex->my_cart_list()
 3 SYSTEMPATH/CodeIgniter.php(480): CodeIgniter\CodeIgniter->runController()
 4 SYSTEMPATH/CodeIgniter.php(349): CodeIgniter\CodeIgniter->handleRequest()
 5 FCPATH/index.php(67): CodeIgniter\CodeIgniter->run()
CRITICAL - 2026-02-01 02:19:46 --> Undefined variable $total_cart_amount
in APPPATH/Controllers/Ajex.php on line 214.
 1 APPPATH/Controllers/Ajex.php(214): CodeIgniter\Debug\Exceptions->errorHandler()
 2 SYSTEMPATH/CodeIgniter.php(925): App\Controllers\Ajex->my_cart_list()
 3 SYSTEMPATH/CodeIgniter.php(480): CodeIgniter\CodeIgniter->runController()
 4 SYSTEMPATH/CodeIgniter.php(349): CodeIgniter\CodeIgniter->handleRequest()
 5 FCPATH/index.php(67): CodeIgniter\CodeIgniter->run()
CRITICAL - 2026-02-01 03:30:33 --> Undefined variable $total_cart_amount
in APPPATH/Controllers/Ajex.php on line 214.
 1 APPPATH/Controllers/Ajex.php(214): CodeIgniter\Debug\Exceptions->errorHandler()
 2 SYSTEMPATH/CodeIgniter.php(925): App\Controllers\Ajex->my_cart_list()
 3 SYSTEMPATH/CodeIgniter.php(480): CodeIgniter\CodeIgniter->runController()
 4 SYSTEMPATH/CodeIgniter.php(349): CodeIgniter\CodeIgniter->handleRequest()
 5 FCPATH/index.php(67): CodeIgniter\CodeIgniter->run()
CRITICAL - 2026-02-01 03:53:46 --> Attempt to read property "product_meta_title" on null
in APPPATH/Controllers/Home.php on line 287.
 1 APPPATH/Controllers/Home.php(287): CodeIgniter\Debug\Exceptions->errorHandler()
 2 SYSTEMPATH/CodeIgniter.php(925): App\Controllers\Home->product_details()
 3 SYSTEMPATH/CodeIgniter.php(480): CodeIgniter\CodeIgniter->runController()
 4 SYSTEMPATH/CodeIgniter.php(349): CodeIgniter\CodeIgniter->handleRequest()
 5 FCPATH/index.php(67): CodeIgniter\CodeIgniter->run()
CRITICAL - 2026-02-01 03:53:46 --> Attempt to read property "product_meta_title" on null
in APPPATH/Controllers/Home.php on line 287.
 1 APPPATH/Controllers/Home.php(287): CodeIgniter\Debug\Exceptions->errorHandler()
 2 SYSTEMPATH/CodeIgniter.php(925): App\Controllers\Home->product_details()
 3 SYSTEMPATH/CodeIgniter.php(480): CodeIgniter\CodeIgniter->runController()
 4 SYSTEMPATH/CodeIgniter.php(349): CodeIgniter\CodeIgniter->handleRequest()
 5 FCPATH/index.php(67): CodeIgniter\CodeIgniter->run()
CRITICAL - 2026-02-01 03:53:46 --> Undefined variable $total_cart_amount
in APPPATH/Controllers/Ajex.php on line 214.
 1 APPPATH/Controllers/Ajex.php(214): CodeIgniter\Debug\Exceptions->errorHandler()
 2 SYSTEMPATH/CodeIgniter.php(925): App\Controllers\Ajex->my_cart_list()
 3 SYSTEMPATH/CodeIgniter.php(480): CodeIgniter\CodeIgniter->runController()
 4 SYSTEMPATH/CodeIgniter.php(349): CodeIgniter\CodeIgniter->handleRequest()
 5 FCPATH/index.php(67): CodeIgniter\CodeIgniter->run()
CRITICAL - 2026-02-01 04:14:17 --> Attempt to read property "cms_page_name" on null
in APPPATH/Controllers/Home.php on line 814.
 1 APPPATH/Controllers/Home.php(814): CodeIgniter\Debug\Exceptions->errorHandler()
 2 SYSTEMPATH/CodeIgniter.php(925): App\Controllers\Home->pages()
 3 SYSTEMPATH/CodeIgniter.php(480): CodeIgniter\CodeIgniter->runController()
 4 SYSTEMPATH/CodeIgniter.php(349): CodeIgniter\CodeIgniter->handleRequest()
 5 FCPATH/index.php(67): CodeIgniter\CodeIgniter->run()
CRITICAL - 2026-02-01 04:14:17 --> Attempt to read property "cms_page_name" on null
in APPPATH/Controllers/Home.php on line 814.
 1 APPPATH/Controllers/Home.php(814): CodeIgniter\Debug\Exceptions->errorHandler()
 2 SYSTEMPATH/CodeIgniter.php(925): App\Controllers\Home->pages()
 3 SYSTEMPATH/CodeIgniter.php(480): CodeIgniter\CodeIgniter->runController()
 4 SYSTEMPATH/CodeIgniter.php(349): CodeIgniter\CodeIgniter->handleRequest()
 5 FCPATH/index.php(67): CodeIgniter\CodeIgniter->run()
CRITICAL - 2026-02-01 04:14:17 --> Undefined variable $total_cart_amount
in APPPATH/Controllers/Ajex.php on line 214.
 1 APPPATH/Controllers/Ajex.php(214): CodeIgniter\Debug\Exceptions->errorHandler()
 2 SYSTEMPATH/CodeIgniter.php(925): App\Controllers\Ajex->my_cart_list()
 3 SYSTEMPATH/CodeIgniter.php(480): CodeIgniter\CodeIgniter->runController()
 4 SYSTEMPATH/CodeIgniter.php(349): CodeIgniter\CodeIgniter->handleRequest()
 5 FCPATH/index.php(67): CodeIgniter\CodeIgniter->run()
CRITICAL - 2026-02-01 05:01:25 --> Attempt to read property "collections_id" on null
in APPPATH/Controllers/Home.php on line 223.
 1 APPPATH/Controllers/Home.php(223): CodeIgniter\Debug\Exceptions->errorHandler()
 2 SYSTEMPATH/CodeIgniter.php(925): App\Controllers\Home->collection()
 3 SYSTEMPATH/CodeIgniter.php(480): CodeIgniter\CodeIgniter->runController()
 4 SYSTEMPATH/CodeIgniter.php(349): CodeIgniter\CodeIgniter->handleRequest()
 5 FCPATH/index.php(67): CodeIgniter\CodeIgniter->run()
CRITICAL - 2026-02-01 05:01:25 --> Attempt to read property "collections_id" on null
in APPPATH/Controllers/Home.php on line 223.
 1 APPPATH/Controllers/Home.php(223): CodeIgniter\Debug\Exceptions->errorHandler()
 2 SYSTEMPATH/CodeIgniter.php(925): App\Controllers\Home->collection()
 3 SYSTEMPATH/CodeIgniter.php(480): CodeIgniter\CodeIgniter->runController()
 4 SYSTEMPATH/CodeIgniter.php(349): CodeIgniter\CodeIgniter->handleRequest()
 5 FCPATH/index.php(67): CodeIgniter\CodeIgniter->run()
CRITICAL - 2026-02-01 05:01:25 --> Undefined variable $total_cart_amount
in APPPATH/Controllers/Ajex.php on line 214.
 1 APPPATH/Controllers/Ajex.php(214): CodeIgniter\Debug\Exceptions->errorHandler()
 2 SYSTEMPATH/CodeIgniter.php(925): App\Controllers\Ajex->my_cart_list()
 3 SYSTEMPATH/CodeIgniter.php(480): CodeIgniter\CodeIgniter->runController()
 4 SYSTEMPATH/CodeIgniter.php(349): CodeIgniter\CodeIgniter->handleRequest()
 5 FCPATH/index.php(67): CodeIgniter\CodeIgniter->run()
CRITICAL - 2026-02-01 06:25:11 --> Attempt to read property "collections_id" on null
in APPPATH/Controllers/Home.php on line 223.
 1 APPPATH/Controllers/Home.php(223): CodeIgniter\Debug\Exceptions->errorHandler()
 2 SYSTEMPATH/CodeIgniter.php(925): App\Controllers\Home->collection()
 3 SYSTEMPATH/CodeIgniter.php(480): CodeIgniter\CodeIgniter->runController()
 4 SYSTEMPATH/CodeIgniter.php(349): CodeIgniter\CodeIgniter->handleRequest()
 5 FCPATH/index.php(67): CodeIgniter\CodeIgniter->run()
CRITICAL - 2026-02-01 06:25:11 --> Undefined variable $total_cart_amount
in APPPATH/Controllers/Ajex.php on line 214.
 1 APPPATH/Controllers/Ajex.php(214): CodeIgniter\Debug\Exceptions->errorHandler()
 2 SYSTEMPATH/CodeIgniter.php(925): App\Controllers\Ajex->my_cart_list()
 3 SYSTEMPATH/CodeIgniter.php(480): CodeIgniter\CodeIgniter->runController()
 4 SYSTEMPATH/CodeIgniter.php(349): CodeIgniter\CodeIgniter->handleRequest()
 5 FCPATH/index.php(67): CodeIgniter\CodeIgniter->run()
CRITICAL - 2026-02-01 06:25:11 --> Attempt to read property "collections_id" on null
in APPPATH/Controllers/Home.php on line 223.
 1 APPPATH/Controllers/Home.php(223): CodeIgniter\Debug\Exceptions->errorHandler()
 2 SYSTEMPATH/CodeIgniter.php(925): App\Controllers\Home->collection()
 3 SYSTEMPATH/CodeIgniter.php(480): CodeIgniter\CodeIgniter->runController()
 4 SYSTEMPATH/CodeIgniter.php(349): CodeIgniter\CodeIgniter->handleRequest()
 5 FCPATH/index.php(67): CodeIgniter\CodeIgniter->run()
CRITICAL - 2026-02-01 07:19:48 --> Undefined variable $total_cart_amount
in APPPATH/Controllers/Ajex.php on line 214.
 1 APPPATH/Controllers/Ajex.php(214): CodeIgniter\Debug\Exceptions->errorHandler()
 2 SYSTEMPATH/CodeIgniter.php(925): App\Controllers\Ajex->my_cart_list()
 3 SYSTEMPATH/CodeIgniter.php(480): CodeIgniter\CodeIgniter->runController()
 4 SYSTEMPATH/CodeIgniter.php(349): CodeIgniter\CodeIgniter->handleRequest()
 5 FCPATH/index.php(67): CodeIgniter\CodeIgniter->run()
CRITICAL - 2026-02-01 07:19:48 --> Undefined variable $total_cart_amount
in APPPATH/Controllers/Ajex.php on line 214.
 1 APPPATH/Controllers/Ajex.php(214): CodeIgniter\Debug\Exceptions->errorHandler()
 2 SYSTEMPATH/CodeIgniter.php(925): App\Controllers\Ajex->my_cart_list()
 3 SYSTEMPATH/CodeIgniter.php(480): CodeIgniter\CodeIgniter->runController()
 4 SYSTEMPATH/CodeIgniter.php(349): CodeIgniter\CodeIgniter->handleRequest()
 5 FCPATH/index.php(67): CodeIgniter\CodeIgniter->run()
CRITICAL - 2026-02-01 07:33:44 --> Undefined variable $total_cart_amount
in APPPATH/Controllers/Ajex.php on line 214.
 1 APPPATH/Controllers/Ajex.php(214): CodeIgniter\Debug\Exceptions->errorHandler()
 2 SYSTEMPATH/CodeIgniter.php(925): App\Controllers\Ajex->my_cart_list()
 3 SYSTEMPATH/CodeIgniter.php(480): CodeIgniter\CodeIgniter->runController()
 4 SYSTEMPATH/CodeIgniter.php(349): CodeIgniter\CodeIgniter->handleRequest()
 5 FCPATH/index.php(67): CodeIgniter\CodeIgniter->run()
CRITICAL - 2026-02-01 07:37:39 --> Attempt to read property "product_meta_title" on null
in APPPATH/Controllers/Home.php on line 287.
 1 APPPATH/Controllers/Home.php(287): CodeIgniter\Debug\Exceptions->errorHandler()
 2 SYSTEMPATH/CodeIgniter.php(925): App\Controllers\Home->product_details()
 3 SYSTEMPATH/CodeIgniter.php(480): CodeIgniter\CodeIgniter->runController()
 4 SYSTEMPATH/CodeIgniter.php(349): CodeIgniter\CodeIgniter->handleRequest()
 5 FCPATH/index.php(67): CodeIgniter\CodeIgniter->run()
CRITICAL - 2026-02-01 07:37:39 --> Undefined variable $total_cart_amount
in APPPATH/Controllers/Ajex.php on line 214.
 1 APPPATH/Controllers/Ajex.php(214): CodeIgniter\Debug\Exceptions->errorHandler()
 2 SYSTEMPATH/CodeIgniter.php(925): App\Controllers\Ajex->my_cart_list()
 3 SYSTEMPATH/CodeIgniter.php(480): CodeIgniter\CodeIgniter->runController()
 4 SYSTEMPATH/CodeIgniter.php(349): CodeIgniter\CodeIgniter->handleRequest()
 5 FCPATH/index.php(67): CodeIgniter\CodeIgniter->run()
CRITICAL - 2026-02-01 07:37:39 --> Attempt to read property "product_meta_title" on null
in APPPATH/Controllers/Home.php on line 287.
 1 APPPATH/Controllers/Home.php(287): CodeIgniter\Debug\Exceptions->errorHandler()
 2 SYSTEMPATH/CodeIgniter.php(925): App\Controllers\Home->product_details()
 3 SYSTEMPATH/CodeIgniter.php(480): CodeIgniter\CodeIgniter->runController()
 4 SYSTEMPATH/CodeIgniter.php(349): CodeIgniter\CodeIgniter->handleRequest()
 5 FCPATH/index.php(67): CodeIgniter\CodeIgniter->run()
CRITICAL - 2026-02-01 08:17:11 --> Undefined variable $total_cart_amount
in APPPATH/Controllers/Ajex.php on line 214.
 1 APPPATH/Controllers/Ajex.php(214): CodeIgniter\Debug\Exceptions->errorHandler()
 2 SYSTEMPATH/CodeIgniter.php(925): App\Controllers\Ajex->my_cart_list()
 3 SYSTEMPATH/CodeIgniter.php(480): CodeIgniter\CodeIgniter->runController()
 4 SYSTEMPATH/CodeIgniter.php(349): CodeIgniter\CodeIgniter->handleRequest()
 5 FCPATH/index.php(67): CodeIgniter\CodeIgniter->run()
CRITICAL - 2026-02-01 09:19:44 --> Undefined variable $total_cart_amount
in APPPATH/Controllers/Ajex.php on line 214.
 1 APPPATH/Controllers/Ajex.php(214): CodeIgniter\Debug\Exceptions->errorHandler()
 2 SYSTEMPATH/CodeIgniter.php(925): App\Controllers\Ajex->my_cart_list()
 3 SYSTEMPATH/CodeIgniter.php(480): CodeIgniter\CodeIgniter->runController()
 4 SYSTEMPATH/CodeIgniter.php(349): CodeIgniter\CodeIgniter->handleRequest()
 5 FCPATH/index.php(67): CodeIgniter\CodeIgniter->run()
CRITICAL - 2026-02-01 10:17:36 --> Undefined variable $total_cart_amount
in APPPATH/Controllers/Ajex.php on line 214.
 1 APPPATH/Controllers/Ajex.php(214): CodeIgniter\Debug\Exceptions->errorHandler()
 2 SYSTEMPATH/CodeIgniter.php(925): App\Controllers\Ajex->my_cart_list()
 3 SYSTEMPATH/CodeIgniter.php(480): CodeIgniter\CodeIgniter->runController()
 4 SYSTEMPATH/CodeIgniter.php(349): CodeIgniter\CodeIgniter->handleRequest()
 5 FCPATH/index.php(67): CodeIgniter\CodeIgniter->run()
CRITICAL - 2026-02-01 10:24:29 --> Attempt to read property "product_meta_title" on null
in APPPATH/Controllers/Home.php on line 287.
 1 APPPATH/Controllers/Home.php(287): CodeIgniter\Debug\Exceptions->errorHandler()
 2 SYSTEMPATH/CodeIgniter.php(925): App\Controllers\Home->product_details()
 3 SYSTEMPATH/CodeIgniter.php(480): CodeIgniter\CodeIgniter->runController()
 4 SYSTEMPATH/CodeIgniter.php(349): CodeIgniter\CodeIgniter->handleRequest()
 5 FCPATH/index.php(67): CodeIgniter\CodeIgniter->run()
CRITICAL - 2026-02-01 10:24:29 --> Attempt to read property "product_meta_title" on null
in APPPATH/Controllers/Home.php on line 287.
 1 APPPATH/Controllers/Home.php(287): CodeIgniter\Debug\Exceptions->errorHandler()
 2 SYSTEMPATH/CodeIgniter.php(925): App\Controllers\Home->product_details()
 3 SYSTEMPATH/CodeIgniter.php(480): CodeIgniter\CodeIgniter->runController()
 4 SYSTEMPATH/CodeIgniter.php(349): CodeIgniter\CodeIgniter->handleRequest()
 5 FCPATH/index.php(67): CodeIgniter\CodeIgniter->run()
CRITICAL - 2026-02-01 10:24:29 --> Undefined variable $total_cart_amount
in APPPATH/Controllers/Ajex.php on line 214.
 1 APPPATH/Controllers/Ajex.php(214): CodeIgniter\Debug\Exceptions->errorHandler()
 2 SYSTEMPATH/CodeIgniter.php(925): App\Controllers\Ajex->my_cart_list()
 3 SYSTEMPATH/CodeIgniter.php(480): CodeIgniter\CodeIgniter->runController()
 4 SYSTEMPATH/CodeIgniter.php(349): CodeIgniter\CodeIgniter->handleRequest()
 5 FCPATH/index.php(67): CodeIgniter\CodeIgniter->run()
CRITICAL - 2026-02-01 10:28:24 --> Attempt to read property "cms_page_name" on null
in APPPATH/Controllers/Home.php on line 814.
 1 APPPATH/Controllers/Home.php(814): CodeIgniter\Debug\Exceptions->errorHandler()
 2 SYSTEMPATH/CodeIgniter.php(925): App\Controllers\Home->pages()
 3 SYSTEMPATH/CodeIgniter.php(480): CodeIgniter\CodeIgniter->runController()
 4 SYSTEMPATH/CodeIgniter.php(349): CodeIgniter\CodeIgniter->handleRequest()
 5 FCPATH/index.php(67): CodeIgniter\CodeIgniter->run()
CRITICAL - 2026-02-01 10:28:24 --> Attempt to read property "cms_page_name" on null
in APPPATH/Controllers/Home.php on line 814.
 1 APPPATH/Controllers/Home.php(814): CodeIgniter\Debug\Exceptions->errorHandler()
 2 SYSTEMPATH/CodeIgniter.php(925): App\Controllers\Home->pages()
 3 SYSTEMPATH/CodeIgniter.php(480): CodeIgniter\CodeIgniter->runController()
 4 SYSTEMPATH/CodeIgniter.php(349): CodeIgniter\CodeIgniter->handleRequest()
 5 FCPATH/index.php(67): CodeIgniter\CodeIgniter->run()
CRITICAL - 2026-02-01 10:28:24 --> Undefined variable $total_cart_amount
in APPPATH/Controllers/Ajex.php on line 214.
 1 APPPATH/Controllers/Ajex.php(214): CodeIgniter\Debug\Exceptions->errorHandler()
 2 SYSTEMPATH/CodeIgniter.php(925): App\Controllers\Ajex->my_cart_list()
 3 SYSTEMPATH/CodeIgniter.php(480): CodeIgniter\CodeIgniter->runController()
 4 SYSTEMPATH/CodeIgniter.php(349): CodeIgniter\CodeIgniter->handleRequest()
 5 FCPATH/index.php(67): CodeIgniter\CodeIgniter->run()
CRITICAL - 2026-02-01 11:59:08 --> Undefined variable $total_cart_amount
in APPPATH/Controllers/Ajex.php on line 214.
 1 APPPATH/Controllers/Ajex.php(214): CodeIgniter\Debug\Exceptions->errorHandler()
 2 SYSTEMPATH/CodeIgniter.php(925): App\Controllers\Ajex->my_cart_list()
 3 SYSTEMPATH/CodeIgniter.php(480): CodeIgniter\CodeIgniter->runController()
 4 SYSTEMPATH/CodeIgniter.php(349): CodeIgniter\CodeIgniter->handleRequest()
 5 FCPATH/index.php(67): CodeIgniter\CodeIgniter->run()
CRITICAL - 2026-02-01 13:39:10 --> Undefined variable $total_cart_amount
in APPPATH/Controllers/Ajex.php on line 214.
 1 APPPATH/Controllers/Ajex.php(214): CodeIgniter\Debug\Exceptions->errorHandler()
 2 SYSTEMPATH/CodeIgniter.php(925): App\Controllers\Ajex->my_cart_list()
 3 SYSTEMPATH/CodeIgniter.php(480): CodeIgniter\CodeIgniter->runController()
 4 SYSTEMPATH/CodeIgniter.php(349): CodeIgniter\CodeIgniter->handleRequest()
 5 FCPATH/index.php(67): CodeIgniter\CodeIgniter->run()
CRITICAL - 2026-02-01 14:05:52 --> Undefined variable $total_cart_amount
in APPPATH/Controllers/Ajex.php on line 214.
 1 APPPATH/Controllers/Ajex.php(214): CodeIgniter\Debug\Exceptions->errorHandler()
 2 SYSTEMPATH/CodeIgniter.php(925): App\Controllers\Ajex->my_cart_list()
 3 SYSTEMPATH/CodeIgniter.php(480): CodeIgniter\CodeIgniter->runController()
 4 SYSTEMPATH/CodeIgniter.php(349): CodeIgniter\CodeIgniter->handleRequest()
 5 FCPATH/index.php(67): CodeIgniter\CodeIgniter->run()
CRITICAL - 2026-02-01 15:07:26 --> Attempt to read property "product_meta_title" on null
in APPPATH/Controllers/Home.php on line 287.
 1 APPPATH/Controllers/Home.php(287): CodeIgniter\Debug\Exceptions->errorHandler()
 2 SYSTEMPATH/CodeIgniter.php(925): App\Controllers\Home->product_details()
 3 SYSTEMPATH/CodeIgniter.php(480): CodeIgniter\CodeIgniter->runController()
 4 SYSTEMPATH/CodeIgniter.php(349): CodeIgniter\CodeIgniter->handleRequest()
 5 FCPATH/index.php(67): CodeIgniter\CodeIgniter->run()
CRITICAL - 2026-02-01 15:07:26 --> Attempt to read property "product_meta_title" on null
in APPPATH/Controllers/Home.php on line 287.
 1 APPPATH/Controllers/Home.php(287): CodeIgniter\Debug\Exceptions->errorHandler()
 2 SYSTEMPATH/CodeIgniter.php(925): App\Controllers\Home->product_details()
 3 SYSTEMPATH/CodeIgniter.php(480): CodeIgniter\CodeIgniter->runController()
 4 SYSTEMPATH/CodeIgniter.php(349): CodeIgniter\CodeIgniter->handleRequest()
 5 FCPATH/index.php(67): CodeIgniter\CodeIgniter->run()
CRITICAL - 2026-02-01 15:07:26 --> Undefined variable $total_cart_amount
in APPPATH/Controllers/Ajex.php on line 214.
 1 APPPATH/Controllers/Ajex.php(214): CodeIgniter\Debug\Exceptions->errorHandler()
 2 SYSTEMPATH/CodeIgniter.php(925): App\Controllers\Ajex->my_cart_list()
 3 SYSTEMPATH/CodeIgniter.php(480): CodeIgniter\CodeIgniter->runController()
 4 SYSTEMPATH/CodeIgniter.php(349): CodeIgniter\CodeIgniter->handleRequest()
 5 FCPATH/index.php(67): CodeIgniter\CodeIgniter->run()
CRITICAL - 2026-02-01 16:05:37 --> Attempt to read property "product_meta_title" on null
in APPPATH/Controllers/Home.php on line 287.
 1 APPPATH/Controllers/Home.php(287): CodeIgniter\Debug\Exceptions->errorHandler()
 2 SYSTEMPATH/CodeIgniter.php(925): App\Controllers\Home->product_details()
 3 SYSTEMPATH/CodeIgniter.php(480): CodeIgniter\CodeIgniter->runController()
 4 SYSTEMPATH/CodeIgniter.php(349): CodeIgniter\CodeIgniter->handleRequest()
 5 FCPATH/index.php(67): CodeIgniter\CodeIgniter->run()
CRITICAL - 2026-02-01 16:05:37 --> Attempt to read property "product_meta_title" on null
in APPPATH/Controllers/Home.php on line 287.
 1 APPPATH/Controllers/Home.php(287): CodeIgniter\Debug\Exceptions->errorHandler()
 2 SYSTEMPATH/CodeIgniter.php(925): App\Controllers\Home->product_details()
 3 SYSTEMPATH/CodeIgniter.php(480): CodeIgniter\CodeIgniter->runController()
 4 SYSTEMPATH/CodeIgniter.php(349): CodeIgniter\CodeIgniter->handleRequest()
 5 FCPATH/index.php(67): CodeIgniter\CodeIgniter->run()
CRITICAL - 2026-02-01 16:05:37 --> Undefined variable $total_cart_amount
in APPPATH/Controllers/Ajex.php on line 214.
 1 APPPATH/Controllers/Ajex.php(214): CodeIgniter\Debug\Exceptions->errorHandler()
 2 SYSTEMPATH/CodeIgniter.php(925): App\Controllers\Ajex->my_cart_list()
 3 SYSTEMPATH/CodeIgniter.php(480): CodeIgniter\CodeIgniter->runController()
 4 SYSTEMPATH/CodeIgniter.php(349): CodeIgniter\CodeIgniter->handleRequest()
 5 FCPATH/index.php(67): CodeIgniter\CodeIgniter->run()
CRITICAL - 2026-02-01 16:20:37 --> Undefined variable $total_cart_amount
in APPPATH/Controllers/Ajex.php on line 214.
 1 APPPATH/Controllers/Ajex.php(214): CodeIgniter\Debug\Exceptions->errorHandler()
 2 SYSTEMPATH/CodeIgniter.php(925): App\Controllers\Ajex->my_cart_list()
 3 SYSTEMPATH/CodeIgniter.php(480): CodeIgniter\CodeIgniter->runController()
 4 SYSTEMPATH/CodeIgniter.php(349): CodeIgniter\CodeIgniter->handleRequest()
 5 FCPATH/index.php(67): CodeIgniter\CodeIgniter->run()
CRITICAL - 2026-02-01 17:46:25 --> Attempt to read property "product_meta_title" on null
in APPPATH/Controllers/Home.php on line 287.
 1 APPPATH/Controllers/Home.php(287): CodeIgniter\Debug\Exceptions->errorHandler()
 2 SYSTEMPATH/CodeIgniter.php(925): App\Controllers\Home->product_details()
 3 SYSTEMPATH/CodeIgniter.php(480): CodeIgniter\CodeIgniter->runController()
 4 SYSTEMPATH/CodeIgniter.php(349): CodeIgniter\CodeIgniter->handleRequest()
 5 FCPATH/index.php(67): CodeIgniter\CodeIgniter->run()
CRITICAL - 2026-02-01 17:46:25 --> Attempt to read property "product_meta_title" on null
in APPPATH/Controllers/Home.php on line 287.
 1 APPPATH/Controllers/Home.php(287): CodeIgniter\Debug\Exceptions->errorHandler()
 2 SYSTEMPATH/CodeIgniter.php(925): App\Controllers\Home->product_details()
 3 SYSTEMPATH/CodeIgniter.php(480): CodeIgniter\CodeIgniter->runController()
 4 SYSTEMPATH/CodeIgniter.php(349): CodeIgniter\CodeIgniter->handleRequest()
 5 FCPATH/index.php(67): CodeIgniter\CodeIgniter->run()
CRITICAL - 2026-02-01 17:46:25 --> Undefined variable $total_cart_amount
in APPPATH/Controllers/Ajex.php on line 214.
 1 APPPATH/Controllers/Ajex.php(214): CodeIgniter\Debug\Exceptions->errorHandler()
 2 SYSTEMPATH/CodeIgniter.php(925): App\Controllers\Ajex->my_cart_list()
 3 SYSTEMPATH/CodeIgniter.php(480): CodeIgniter\CodeIgniter->runController()
 4 SYSTEMPATH/CodeIgniter.php(349): CodeIgniter\CodeIgniter->handleRequest()
 5 FCPATH/index.php(67): CodeIgniter\CodeIgniter->run()
CRITICAL - 2026-02-01 18:45:02 --> Undefined variable $total_cart_amount
in APPPATH/Controllers/Ajex.php on line 214.
 1 APPPATH/Controllers/Ajex.php(214): CodeIgniter\Debug\Exceptions->errorHandler()
 2 SYSTEMPATH/CodeIgniter.php(925): App\Controllers\Ajex->my_cart_list()
 3 SYSTEMPATH/CodeIgniter.php(480): CodeIgniter\CodeIgniter->runController()
 4 SYSTEMPATH/CodeIgniter.php(349): CodeIgniter\CodeIgniter->handleRequest()
 5 FCPATH/index.php(67): CodeIgniter\CodeIgniter->run()
CRITICAL - 2026-02-01 19:33:04 --> Attempt to read property "product_meta_title" on null
in APPPATH/Controllers/Home.php on line 287.
 1 APPPATH/Controllers/Home.php(287): CodeIgniter\Debug\Exceptions->errorHandler()
 2 SYSTEMPATH/CodeIgniter.php(925): App\Controllers\Home->product_details()
 3 SYSTEMPATH/CodeIgniter.php(480): CodeIgniter\CodeIgniter->runController()
 4 SYSTEMPATH/CodeIgniter.php(349): CodeIgniter\CodeIgniter->handleRequest()
 5 FCPATH/index.php(67): CodeIgniter\CodeIgniter->run()
CRITICAL - 2026-02-01 19:33:04 --> Attempt to read property "product_meta_title" on null
in APPPATH/Controllers/Home.php on line 287.
 1 APPPATH/Controllers/Home.php(287): CodeIgniter\Debug\Exceptions->errorHandler()
 2 SYSTEMPATH/CodeIgniter.php(925): App\Controllers\Home->product_details()
 3 SYSTEMPATH/CodeIgniter.php(480): CodeIgniter\CodeIgniter->runController()
 4 SYSTEMPATH/CodeIgniter.php(349): CodeIgniter\CodeIgniter->handleRequest()
 5 FCPATH/index.php(67): CodeIgniter\CodeIgniter->run()
CRITICAL - 2026-02-01 19:33:04 --> Undefined variable $total_cart_amount
in APPPATH/Controllers/Ajex.php on line 214.
 1 APPPATH/Controllers/Ajex.php(214): CodeIgniter\Debug\Exceptions->errorHandler()
 2 SYSTEMPATH/CodeIgniter.php(925): App\Controllers\Ajex->my_cart_list()
 3 SYSTEMPATH/CodeIgniter.php(480): CodeIgniter\CodeIgniter->runController()
 4 SYSTEMPATH/CodeIgniter.php(349): CodeIgniter\CodeIgniter->handleRequest()
 5 FCPATH/index.php(67): CodeIgniter\CodeIgniter->run()
CRITICAL - 2026-02-01 20:22:06 --> Attempt to read property "product_meta_title" on null
in APPPATH/Controllers/Home.php on line 287.
 1 APPPATH/Controllers/Home.php(287): CodeIgniter\Debug\Exceptions->errorHandler()
 2 SYSTEMPATH/CodeIgniter.php(925): App\Controllers\Home->product_details()
 3 SYSTEMPATH/CodeIgniter.php(480): CodeIgniter\CodeIgniter->runController()
 4 SYSTEMPATH/CodeIgniter.php(349): CodeIgniter\CodeIgniter->handleRequest()
 5 FCPATH/index.php(67): CodeIgniter\CodeIgniter->run()
CRITICAL - 2026-02-01 20:22:06 --> Attempt to read property "product_meta_title" on null
in APPPATH/Controllers/Home.php on line 287.
 1 APPPATH/Controllers/Home.php(287): CodeIgniter\Debug\Exceptions->errorHandler()
 2 SYSTEMPATH/CodeIgniter.php(925): App\Controllers\Home->product_details()
 3 SYSTEMPATH/CodeIgniter.php(480): CodeIgniter\CodeIgniter->runController()
 4 SYSTEMPATH/CodeIgniter.php(349): CodeIgniter\CodeIgniter->handleRequest()
 5 FCPATH/index.php(67): CodeIgniter\CodeIgniter->run()
CRITICAL - 2026-02-01 20:22:06 --> Undefined variable $total_cart_amount
in APPPATH/Controllers/Ajex.php on line 214.
 1 APPPATH/Controllers/Ajex.php(214): CodeIgniter\Debug\Exceptions->errorHandler()
 2 SYSTEMPATH/CodeIgniter.php(925): App\Controllers\Ajex->my_cart_list()
 3 SYSTEMPATH/CodeIgniter.php(480): CodeIgniter\CodeIgniter->runController()
 4 SYSTEMPATH/CodeIgniter.php(349): CodeIgniter\CodeIgniter->handleRequest()
 5 FCPATH/index.php(67): CodeIgniter\CodeIgniter->run()
CRITICAL - 2026-02-01 21:42:31 --> Undefined variable $total_cart_amount
in APPPATH/Controllers/Ajex.php on line 214.
 1 APPPATH/Controllers/Ajex.php(214): CodeIgniter\Debug\Exceptions->errorHandler()
 2 SYSTEMPATH/CodeIgniter.php(925): App\Controllers\Ajex->my_cart_list()
 3 SYSTEMPATH/CodeIgniter.php(480): CodeIgniter\CodeIgniter->runController()
 4 SYSTEMPATH/CodeIgniter.php(349): CodeIgniter\CodeIgniter->handleRequest()
 5 FCPATH/index.php(67): CodeIgniter\CodeIgniter->run()
