CRITICAL - 2025-06-05 03:36:14 --> Undefined variable $total_cart_amount
in APPPATH/Controllers/Ajex.php on line 214.
 1 APPPATH/Controllers/Ajex.php(214): CodeIgniter\Debug\Exceptions->errorHandler(2, 'Undefined variable $total_cart_amount', 'APPPATH/Controllers/Ajex.php', 214)
 2 SYSTEMPATH/CodeIgniter.php(925): App\Controllers\Ajex->my_cart_list()
 3 SYSTEMPATH/CodeIgniter.php(480): CodeIgniter\CodeIgniter->runController(Object(App\Controllers\Ajex))
 4 SYSTEMPATH/CodeIgniter.php(349): CodeIgniter\CodeIgniter->handleRequest(null, Object(Config\Cache), false)
 5 FCPATH/index.php(67): CodeIgniter\CodeIgniter->run()
CRITICAL - 2025-06-05 10:10:37 --> Undefined variable $total_cart_amount
in APPPATH/Controllers/Ajex.php on line 214.
 1 APPPATH/Controllers/Ajex.php(214): CodeIgniter\Debug\Exceptions->errorHandler(2, 'Undefined variable $total_cart_amount', 'APPPATH/Controllers/Ajex.php', 214)
 2 SYSTEMPATH/CodeIgniter.php(925): App\Controllers\Ajex->my_cart_list()
 3 SYSTEMPATH/CodeIgniter.php(480): CodeIgniter\CodeIgniter->runController(Object(App\Controllers\Ajex))
 4 SYSTEMPATH/CodeIgniter.php(349): CodeIgniter\CodeIgniter->handleRequest(null, Object(Config\Cache), false)
 5 FCPATH/index.php(67): CodeIgniter\CodeIgniter->run()
CRITICAL - 2025-06-05 10:10:50 --> Undefined variable $total_cart_amount
in APPPATH/Controllers/Ajex.php on line 214.
 1 APPPATH/Controllers/Ajex.php(214): CodeIgniter\Debug\Exceptions->errorHandler(2, 'Undefined variable $total_cart_amount', 'APPPATH/Controllers/Ajex.php', 214)
 2 SYSTEMPATH/CodeIgniter.php(925): App\Controllers\Ajex->my_cart_list()
 3 SYSTEMPATH/CodeIgniter.php(480): CodeIgniter\CodeIgniter->runController(Object(App\Controllers\Ajex))
 4 SYSTEMPATH/CodeIgniter.php(349): CodeIgniter\CodeIgniter->handleRequest(null, Object(Config\Cache), false)
 5 FCPATH/index.php(67): CodeIgniter\CodeIgniter->run()
CRITICAL - 2025-06-05 10:11:19 --> Undefined variable $total_cart_amount
in APPPATH/Controllers/Ajex.php on line 214.
 1 APPPATH/Controllers/Ajex.php(214): CodeIgniter\Debug\Exceptions->errorHandler(2, 'Undefined variable $total_cart_amount', 'APPPATH/Controllers/Ajex.php', 214)
 2 SYSTEMPATH/CodeIgniter.php(925): App\Controllers\Ajex->my_cart_list()
 3 SYSTEMPATH/CodeIgniter.php(480): CodeIgniter\CodeIgniter->runController(Object(App\Controllers\Ajex))
 4 SYSTEMPATH/CodeIgniter.php(349): CodeIgniter\CodeIgniter->handleRequest(null, Object(Config\Cache), false)
 5 FCPATH/index.php(67): CodeIgniter\CodeIgniter->run()
CRITICAL - 2025-06-05 10:11:26 --> Attempt to read property "collections_id" on null
in APPPATH/Controllers/Home.php on line 217.
 1 APPPATH/Controllers/Home.php(217): CodeIgniter\Debug\Exceptions->errorHandler(2, 'Attempt to read property "collections_id" on null', 'APPPATH/Controllers/Home.php', 217)
 2 SYSTEMPATH/CodeIgniter.php(925): App\Controllers\Home->collection('FCPATH/assets', 'images', 'heywansa.png')
 3 SYSTEMPATH/CodeIgniter.php(480): CodeIgniter\CodeIgniter->runController(Object(App\Controllers\Home))
 4 SYSTEMPATH/CodeIgniter.php(349): CodeIgniter\CodeIgniter->handleRequest(null, Object(Config\Cache), false)
 5 FCPATH/index.php(67): CodeIgniter\CodeIgniter->run()
CRITICAL - 2025-06-05 10:11:26 --> Attempt to read property "collections_id" on null
in APPPATH/Controllers/Home.php on line 217.
 1 APPPATH/Controllers/Home.php(217): CodeIgniter\Debug\Exceptions->errorHandler(2, 'Attempt to read property "collections_id" on null', 'APPPATH/Controllers/Home.php', 217)
 2 SYSTEMPATH/CodeIgniter.php(925): App\Controllers\Home->collection('FCPATH/assets', 'js', 'webfont.js')
 3 SYSTEMPATH/CodeIgniter.php(480): CodeIgniter\CodeIgniter->runController(Object(App\Controllers\Home))
 4 SYSTEMPATH/CodeIgniter.php(349): CodeIgniter\CodeIgniter->handleRequest(null, Object(Config\Cache), false)
 5 FCPATH/index.php(67): CodeIgniter\CodeIgniter->run()
CRITICAL - 2025-06-05 10:11:26 --> Undefined variable $total_cart_amount
in APPPATH/Controllers/Ajex.php on line 214.
 1 APPPATH/Controllers/Ajex.php(214): CodeIgniter\Debug\Exceptions->errorHandler(2, 'Undefined variable $total_cart_amount', 'APPPATH/Controllers/Ajex.php', 214)
 2 SYSTEMPATH/CodeIgniter.php(925): App\Controllers\Ajex->my_cart_list()
 3 SYSTEMPATH/CodeIgniter.php(480): CodeIgniter\CodeIgniter->runController(Object(App\Controllers\Ajex))
 4 SYSTEMPATH/CodeIgniter.php(349): CodeIgniter\CodeIgniter->handleRequest(null, Object(Config\Cache), false)
 5 FCPATH/index.php(67): CodeIgniter\CodeIgniter->run()
CRITICAL - 2025-06-05 10:11:33 --> Undefined variable $total_cart_amount
in APPPATH/Controllers/Ajex.php on line 214.
 1 APPPATH/Controllers/Ajex.php(214): CodeIgniter\Debug\Exceptions->errorHandler(2, 'Undefined variable $total_cart_amount', 'APPPATH/Controllers/Ajex.php', 214)
 2 SYSTEMPATH/CodeIgniter.php(925): App\Controllers\Ajex->my_cart_list()
 3 SYSTEMPATH/CodeIgniter.php(480): CodeIgniter\CodeIgniter->runController(Object(App\Controllers\Ajex))
 4 SYSTEMPATH/CodeIgniter.php(349): CodeIgniter\CodeIgniter->handleRequest(null, Object(Config\Cache), false)
 5 FCPATH/index.php(67): CodeIgniter\CodeIgniter->run()
CRITICAL - 2025-06-05 10:11:34 --> Attempt to read property "product_meta_title" on null
in APPPATH/Controllers/Home.php on line 279.
 1 APPPATH/Controllers/Home.php(279): CodeIgniter\Debug\Exceptions->errorHandler(2, 'Attempt to read property "product_meta_title" on null', 'APPPATH/Controllers/Home.php', 279)
 2 SYSTEMPATH/CodeIgniter.php(925): App\Controllers\Home->product_details('FCPATH/assets', 'images', 'heywansa.png')
 3 SYSTEMPATH/CodeIgniter.php(480): CodeIgniter\CodeIgniter->runController(Object(App\Controllers\Home))
 4 SYSTEMPATH/CodeIgniter.php(349): CodeIgniter\CodeIgniter->handleRequest(null, Object(Config\Cache), false)
 5 FCPATH/index.php(67): CodeIgniter\CodeIgniter->run()
CRITICAL - 2025-06-05 10:11:34 --> Attempt to read property "product_meta_title" on null
in APPPATH/Controllers/Home.php on line 279.
 1 APPPATH/Controllers/Home.php(279): CodeIgniter\Debug\Exceptions->errorHandler(2, 'Attempt to read property "product_meta_title" on null', 'APPPATH/Controllers/Home.php', 279)
 2 SYSTEMPATH/CodeIgniter.php(925): App\Controllers\Home->product_details('FCPATH/assets', 'js', 'webfont.js')
 3 SYSTEMPATH/CodeIgniter.php(480): CodeIgniter\CodeIgniter->runController(Object(App\Controllers\Home))
 4 SYSTEMPATH/CodeIgniter.php(349): CodeIgniter\CodeIgniter->handleRequest(null, Object(Config\Cache), false)
 5 FCPATH/index.php(67): CodeIgniter\CodeIgniter->run()
CRITICAL - 2025-06-05 10:14:45 --> Attempt to read property "product_meta_title" on null
in APPPATH/Controllers/Home.php on line 279.
 1 APPPATH/Controllers/Home.php(279): CodeIgniter\Debug\Exceptions->errorHandler(2, 'Attempt to read property "product_meta_title" on null', 'APPPATH/Controllers/Home.php', 279)
 2 SYSTEMPATH/CodeIgniter.php(925): App\Controllers\Home->product_details('FCPATH/assets', 'js', 'webfont.js')
 3 SYSTEMPATH/CodeIgniter.php(480): CodeIgniter\CodeIgniter->runController(Object(App\Controllers\Home))
 4 SYSTEMPATH/CodeIgniter.php(349): CodeIgniter\CodeIgniter->handleRequest(null, Object(Config\Cache), false)
 5 FCPATH/index.php(67): CodeIgniter\CodeIgniter->run()
CRITICAL - 2025-06-05 10:14:46 --> Attempt to read property "product_meta_title" on null
in APPPATH/Controllers/Home.php on line 279.
 1 APPPATH/Controllers/Home.php(279): CodeIgniter\Debug\Exceptions->errorHandler(2, 'Attempt to read property "product_meta_title" on null', 'APPPATH/Controllers/Home.php', 279)
 2 SYSTEMPATH/CodeIgniter.php(925): App\Controllers\Home->product_details('FCPATH/assets', 'images', 'heywansa.png')
 3 SYSTEMPATH/CodeIgniter.php(480): CodeIgniter\CodeIgniter->runController(Object(App\Controllers\Home))
 4 SYSTEMPATH/CodeIgniter.php(349): CodeIgniter\CodeIgniter->handleRequest(null, Object(Config\Cache), false)
 5 FCPATH/index.php(67): CodeIgniter\CodeIgniter->run()
CRITICAL - 2025-06-05 10:28:14 --> Attempt to read property "product_meta_title" on null
in APPPATH/Controllers/Home.php on line 279.
 1 APPPATH/Controllers/Home.php(279): CodeIgniter\Debug\Exceptions->errorHandler(2, 'Attempt to read property "product_meta_title" on null', 'APPPATH/Controllers/Home.php', 279)
 2 SYSTEMPATH/CodeIgniter.php(925): App\Controllers\Home->product_details('FCPATH/assets', 'js', 'webfont.js')
 3 SYSTEMPATH/CodeIgniter.php(480): CodeIgniter\CodeIgniter->runController(Object(App\Controllers\Home))
 4 SYSTEMPATH/CodeIgniter.php(349): CodeIgniter\CodeIgniter->handleRequest(null, Object(Config\Cache), false)
 5 FCPATH/index.php(67): CodeIgniter\CodeIgniter->run()
CRITICAL - 2025-06-05 10:28:14 --> Attempt to read property "product_meta_title" on null
in APPPATH/Controllers/Home.php on line 279.
 1 APPPATH/Controllers/Home.php(279): CodeIgniter\Debug\Exceptions->errorHandler(2, 'Attempt to read property "product_meta_title" on null', 'APPPATH/Controllers/Home.php', 279)
 2 SYSTEMPATH/CodeIgniter.php(925): App\Controllers\Home->product_details('FCPATH/assets', 'images', 'heywansa.png')
 3 SYSTEMPATH/CodeIgniter.php(480): CodeIgniter\CodeIgniter->runController(Object(App\Controllers\Home))
 4 SYSTEMPATH/CodeIgniter.php(349): CodeIgniter\CodeIgniter->handleRequest(null, Object(Config\Cache), false)
 5 FCPATH/index.php(67): CodeIgniter\CodeIgniter->run()
CRITICAL - 2025-06-05 10:29:28 --> Attempt to read property "product_meta_title" on null
in APPPATH/Controllers/Home.php on line 279.
 1 APPPATH/Controllers/Home.php(279): CodeIgniter\Debug\Exceptions->errorHandler(2, 'Attempt to read property "product_meta_title" on null', 'APPPATH/Controllers/Home.php', 279)
 2 SYSTEMPATH/CodeIgniter.php(925): App\Controllers\Home->product_details('FCPATH/assets', 'js', 'webfont.js')
 3 SYSTEMPATH/CodeIgniter.php(480): CodeIgniter\CodeIgniter->runController(Object(App\Controllers\Home))
 4 SYSTEMPATH/CodeIgniter.php(349): CodeIgniter\CodeIgniter->handleRequest(null, Object(Config\Cache), false)
 5 FCPATH/index.php(67): CodeIgniter\CodeIgniter->run()
CRITICAL - 2025-06-05 10:29:29 --> Attempt to read property "product_meta_title" on null
in APPPATH/Controllers/Home.php on line 279.
 1 APPPATH/Controllers/Home.php(279): CodeIgniter\Debug\Exceptions->errorHandler(2, 'Attempt to read property "product_meta_title" on null', 'APPPATH/Controllers/Home.php', 279)
 2 SYSTEMPATH/CodeIgniter.php(925): App\Controllers\Home->product_details('FCPATH/assets', 'images', 'heywansa.png')
 3 SYSTEMPATH/CodeIgniter.php(480): CodeIgniter\CodeIgniter->runController(Object(App\Controllers\Home))
 4 SYSTEMPATH/CodeIgniter.php(349): CodeIgniter\CodeIgniter->handleRequest(null, Object(Config\Cache), false)
 5 FCPATH/index.php(67): CodeIgniter\CodeIgniter->run()
CRITICAL - 2025-06-05 12:12:59 --> Attempt to read property "cms_page_name" on null
in APPPATH/Controllers/Home.php on line 809.
 1 APPPATH/Controllers/Home.php(809): CodeIgniter\Debug\Exceptions->errorHandler(2, 'Attempt to read property "cms_page_name" on null', 'APPPATH/Controllers/Home.php', 809)
 2 SYSTEMPATH/CodeIgniter.php(925): App\Controllers\Home->pages('FCPATH/assets', 'js', 'webfont.js')
 3 SYSTEMPATH/CodeIgniter.php(480): CodeIgniter\CodeIgniter->runController(Object(App\Controllers\Home))
 4 SYSTEMPATH/CodeIgniter.php(349): CodeIgniter\CodeIgniter->handleRequest(null, Object(Config\Cache), false)
 5 FCPATH/index.php(67): CodeIgniter\CodeIgniter->run()
CRITICAL - 2025-06-05 12:12:59 --> Attempt to read property "cms_page_name" on null
in APPPATH/Controllers/Home.php on line 809.
 1 APPPATH/Controllers/Home.php(809): CodeIgniter\Debug\Exceptions->errorHandler(2, 'Attempt to read property "cms_page_name" on null', 'APPPATH/Controllers/Home.php', 809)
 2 SYSTEMPATH/CodeIgniter.php(925): App\Controllers\Home->pages('FCPATH/assets', 'images', 'heywansa.png')
 3 SYSTEMPATH/CodeIgniter.php(480): CodeIgniter\CodeIgniter->runController(Object(App\Controllers\Home))
 4 SYSTEMPATH/CodeIgniter.php(349): CodeIgniter\CodeIgniter->handleRequest(null, Object(Config\Cache), false)
 5 FCPATH/index.php(67): CodeIgniter\CodeIgniter->run()
CRITICAL - 2025-06-05 12:13:17 --> Attempt to read property "cms_page_name" on null
in APPPATH/Controllers/Home.php on line 809.
 1 APPPATH/Controllers/Home.php(809): CodeIgniter\Debug\Exceptions->errorHandler(2, 'Attempt to read property "cms_page_name" on null', 'APPPATH/Controllers/Home.php', 809)
 2 SYSTEMPATH/CodeIgniter.php(925): App\Controllers\Home->pages('FCPATH/assets', 'js', 'webfont.js')
 3 SYSTEMPATH/CodeIgniter.php(480): CodeIgniter\CodeIgniter->runController(Object(App\Controllers\Home))
 4 SYSTEMPATH/CodeIgniter.php(349): CodeIgniter\CodeIgniter->handleRequest(null, Object(Config\Cache), false)
 5 FCPATH/index.php(67): CodeIgniter\CodeIgniter->run()
CRITICAL - 2025-06-05 12:13:17 --> Attempt to read property "cms_page_name" on null
in APPPATH/Controllers/Home.php on line 809.
 1 APPPATH/Controllers/Home.php(809): CodeIgniter\Debug\Exceptions->errorHandler(2, 'Attempt to read property "cms_page_name" on null', 'APPPATH/Controllers/Home.php', 809)
 2 SYSTEMPATH/CodeIgniter.php(925): App\Controllers\Home->pages('FCPATH/assets', 'images', 'heywansa.png')
 3 SYSTEMPATH/CodeIgniter.php(480): CodeIgniter\CodeIgniter->runController(Object(App\Controllers\Home))
 4 SYSTEMPATH/CodeIgniter.php(349): CodeIgniter\CodeIgniter->handleRequest(null, Object(Config\Cache), false)
 5 FCPATH/index.php(67): CodeIgniter\CodeIgniter->run()
CRITICAL - 2025-06-05 12:13:25 --> Attempt to read property "cms_page_name" on null
in APPPATH/Controllers/Home.php on line 809.
 1 APPPATH/Controllers/Home.php(809): CodeIgniter\Debug\Exceptions->errorHandler(2, 'Attempt to read property "cms_page_name" on null', 'APPPATH/Controllers/Home.php', 809)
 2 SYSTEMPATH/CodeIgniter.php(925): App\Controllers\Home->pages('FCPATH/assets', 'js', 'webfont.js')
 3 SYSTEMPATH/CodeIgniter.php(480): CodeIgniter\CodeIgniter->runController(Object(App\Controllers\Home))
 4 SYSTEMPATH/CodeIgniter.php(349): CodeIgniter\CodeIgniter->handleRequest(null, Object(Config\Cache), false)
 5 FCPATH/index.php(67): CodeIgniter\CodeIgniter->run()
CRITICAL - 2025-06-05 12:13:25 --> Attempt to read property "cms_page_name" on null
in APPPATH/Controllers/Home.php on line 809.
 1 APPPATH/Controllers/Home.php(809): CodeIgniter\Debug\Exceptions->errorHandler(2, 'Attempt to read property "cms_page_name" on null', 'APPPATH/Controllers/Home.php', 809)
 2 SYSTEMPATH/CodeIgniter.php(925): App\Controllers\Home->pages('FCPATH/assets', 'images', 'heywansa.png')
 3 SYSTEMPATH/CodeIgniter.php(480): CodeIgniter\CodeIgniter->runController(Object(App\Controllers\Home))
 4 SYSTEMPATH/CodeIgniter.php(349): CodeIgniter\CodeIgniter->handleRequest(null, Object(Config\Cache), false)
 5 FCPATH/index.php(67): CodeIgniter\CodeIgniter->run()
CRITICAL - 2025-06-05 12:15:50 --> Attempt to read property "collections_id" on null
in APPPATH/Controllers/Home.php on line 217.
 1 APPPATH/Controllers/Home.php(217): CodeIgniter\Debug\Exceptions->errorHandler(2, 'Attempt to read property "collections_id" on null', 'APPPATH/Controllers/Home.php', 217)
 2 SYSTEMPATH/CodeIgniter.php(925): App\Controllers\Home->collection('FCPATH/assets', 'js', 'webfont.js')
 3 SYSTEMPATH/CodeIgniter.php(480): CodeIgniter\CodeIgniter->runController(Object(App\Controllers\Home))
 4 SYSTEMPATH/CodeIgniter.php(349): CodeIgniter\CodeIgniter->handleRequest(null, Object(Config\Cache), false)
 5 FCPATH/index.php(67): CodeIgniter\CodeIgniter->run()
CRITICAL - 2025-06-05 12:15:51 --> Attempt to read property "collections_id" on null
in APPPATH/Controllers/Home.php on line 217.
 1 APPPATH/Controllers/Home.php(217): CodeIgniter\Debug\Exceptions->errorHandler(2, 'Attempt to read property "collections_id" on null', 'APPPATH/Controllers/Home.php', 217)
 2 SYSTEMPATH/CodeIgniter.php(925): App\Controllers\Home->collection('FCPATH/assets', 'images', 'heywansa.png')
 3 SYSTEMPATH/CodeIgniter.php(480): CodeIgniter\CodeIgniter->runController(Object(App\Controllers\Home))
 4 SYSTEMPATH/CodeIgniter.php(349): CodeIgniter\CodeIgniter->handleRequest(null, Object(Config\Cache), false)
 5 FCPATH/index.php(67): CodeIgniter\CodeIgniter->run()
CRITICAL - 2025-06-05 12:16:03 --> Attempt to read property "product_meta_title" on null
in APPPATH/Controllers/Home.php on line 279.
 1 APPPATH/Controllers/Home.php(279): CodeIgniter\Debug\Exceptions->errorHandler(2, 'Attempt to read property "product_meta_title" on null', 'APPPATH/Controllers/Home.php', 279)
 2 SYSTEMPATH/CodeIgniter.php(925): App\Controllers\Home->product_details('FCPATH/assets', 'js', 'webfont.js')
 3 SYSTEMPATH/CodeIgniter.php(480): CodeIgniter\CodeIgniter->runController(Object(App\Controllers\Home))
 4 SYSTEMPATH/CodeIgniter.php(349): CodeIgniter\CodeIgniter->handleRequest(null, Object(Config\Cache), false)
 5 FCPATH/index.php(67): CodeIgniter\CodeIgniter->run()
CRITICAL - 2025-06-05 12:16:03 --> Attempt to read property "product_meta_title" on null
in APPPATH/Controllers/Home.php on line 279.
 1 APPPATH/Controllers/Home.php(279): CodeIgniter\Debug\Exceptions->errorHandler(2, 'Attempt to read property "product_meta_title" on null', 'APPPATH/Controllers/Home.php', 279)
 2 SYSTEMPATH/CodeIgniter.php(925): App\Controllers\Home->product_details('FCPATH/assets', 'images', 'heywansa.png')
 3 SYSTEMPATH/CodeIgniter.php(480): CodeIgniter\CodeIgniter->runController(Object(App\Controllers\Home))
 4 SYSTEMPATH/CodeIgniter.php(349): CodeIgniter\CodeIgniter->handleRequest(null, Object(Config\Cache), false)
 5 FCPATH/index.php(67): CodeIgniter\CodeIgniter->run()
CRITICAL - 2025-06-05 12:16:07 --> Attempt to read property "collections_id" on null
in APPPATH/Controllers/Home.php on line 217.
 1 APPPATH/Controllers/Home.php(217): CodeIgniter\Debug\Exceptions->errorHandler(2, 'Attempt to read property "collections_id" on null', 'APPPATH/Controllers/Home.php', 217)
 2 SYSTEMPATH/CodeIgniter.php(925): App\Controllers\Home->collection('FCPATH/assets', 'images', 'heywansa.png')
 3 SYSTEMPATH/CodeIgniter.php(480): CodeIgniter\CodeIgniter->runController(Object(App\Controllers\Home))
 4 SYSTEMPATH/CodeIgniter.php(349): CodeIgniter\CodeIgniter->handleRequest(null, Object(Config\Cache), false)
 5 FCPATH/index.php(67): CodeIgniter\CodeIgniter->run()
CRITICAL - 2025-06-05 12:16:08 --> Attempt to read property "collections_id" on null
in APPPATH/Controllers/Home.php on line 217.
 1 APPPATH/Controllers/Home.php(217): CodeIgniter\Debug\Exceptions->errorHandler(2, 'Attempt to read property "collections_id" on null', 'APPPATH/Controllers/Home.php', 217)
 2 SYSTEMPATH/CodeIgniter.php(925): App\Controllers\Home->collection('FCPATH/assets', 'js', 'webfont.js')
 3 SYSTEMPATH/CodeIgniter.php(480): CodeIgniter\CodeIgniter->runController(Object(App\Controllers\Home))
 4 SYSTEMPATH/CodeIgniter.php(349): CodeIgniter\CodeIgniter->handleRequest(null, Object(Config\Cache), false)
 5 FCPATH/index.php(67): CodeIgniter\CodeIgniter->run()
CRITICAL - 2025-06-05 12:16:29 --> Attempt to read property "product_meta_title" on null
in APPPATH/Controllers/Home.php on line 279.
 1 APPPATH/Controllers/Home.php(279): CodeIgniter\Debug\Exceptions->errorHandler(2, 'Attempt to read property "product_meta_title" on null', 'APPPATH/Controllers/Home.php', 279)
 2 SYSTEMPATH/CodeIgniter.php(925): App\Controllers\Home->product_details('FCPATH/assets', 'js', 'webfont.js')
 3 SYSTEMPATH/CodeIgniter.php(480): CodeIgniter\CodeIgniter->runController(Object(App\Controllers\Home))
 4 SYSTEMPATH/CodeIgniter.php(349): CodeIgniter\CodeIgniter->handleRequest(null, Object(Config\Cache), false)
 5 FCPATH/index.php(67): CodeIgniter\CodeIgniter->run()
CRITICAL - 2025-06-05 12:16:29 --> Attempt to read property "product_meta_title" on null
in APPPATH/Controllers/Home.php on line 279.
 1 APPPATH/Controllers/Home.php(279): CodeIgniter\Debug\Exceptions->errorHandler(2, 'Attempt to read property "product_meta_title" on null', 'APPPATH/Controllers/Home.php', 279)
 2 SYSTEMPATH/CodeIgniter.php(925): App\Controllers\Home->product_details('FCPATH/assets', 'images', 'heywansa.png')
 3 SYSTEMPATH/CodeIgniter.php(480): CodeIgniter\CodeIgniter->runController(Object(App\Controllers\Home))
 4 SYSTEMPATH/CodeIgniter.php(349): CodeIgniter\CodeIgniter->handleRequest(null, Object(Config\Cache), false)
 5 FCPATH/index.php(67): CodeIgniter\CodeIgniter->run()
CRITICAL - 2025-06-05 12:16:33 --> Attempt to read property "collections_id" on null
in APPPATH/Controllers/Home.php on line 217.
 1 APPPATH/Controllers/Home.php(217): CodeIgniter\Debug\Exceptions->errorHandler(2, 'Attempt to read property "collections_id" on null', 'APPPATH/Controllers/Home.php', 217)
 2 SYSTEMPATH/CodeIgniter.php(925): App\Controllers\Home->collection('FCPATH/assets', 'images', 'heywansa.png')
 3 SYSTEMPATH/CodeIgniter.php(480): CodeIgniter\CodeIgniter->runController(Object(App\Controllers\Home))
 4 SYSTEMPATH/CodeIgniter.php(349): CodeIgniter\CodeIgniter->handleRequest(null, Object(Config\Cache), false)
 5 FCPATH/index.php(67): CodeIgniter\CodeIgniter->run()
CRITICAL - 2025-06-05 12:16:33 --> Attempt to read property "collections_id" on null
in APPPATH/Controllers/Home.php on line 217.
 1 APPPATH/Controllers/Home.php(217): CodeIgniter\Debug\Exceptions->errorHandler(2, 'Attempt to read property "collections_id" on null', 'APPPATH/Controllers/Home.php', 217)
 2 SYSTEMPATH/CodeIgniter.php(925): App\Controllers\Home->collection('FCPATH/assets', 'js', 'webfont.js')
 3 SYSTEMPATH/CodeIgniter.php(480): CodeIgniter\CodeIgniter->runController(Object(App\Controllers\Home))
 4 SYSTEMPATH/CodeIgniter.php(349): CodeIgniter\CodeIgniter->handleRequest(null, Object(Config\Cache), false)
 5 FCPATH/index.php(67): CodeIgniter\CodeIgniter->run()
CRITICAL - 2025-06-05 12:17:43 --> Attempt to read property "collections_id" on null
in APPPATH/Controllers/Home.php on line 217.
 1 APPPATH/Controllers/Home.php(217): CodeIgniter\Debug\Exceptions->errorHandler(2, 'Attempt to read property "collections_id" on null', 'APPPATH/Controllers/Home.php', 217)
 2 SYSTEMPATH/CodeIgniter.php(925): App\Controllers\Home->collection('FCPATH/assets', 'js', 'webfont.js')
 3 SYSTEMPATH/CodeIgniter.php(480): CodeIgniter\CodeIgniter->runController(Object(App\Controllers\Home))
 4 SYSTEMPATH/CodeIgniter.php(349): CodeIgniter\CodeIgniter->handleRequest(null, Object(Config\Cache), false)
 5 FCPATH/index.php(67): CodeIgniter\CodeIgniter->run()
CRITICAL - 2025-06-05 12:17:43 --> Attempt to read property "collections_id" on null
in APPPATH/Controllers/Home.php on line 217.
 1 APPPATH/Controllers/Home.php(217): CodeIgniter\Debug\Exceptions->errorHandler(2, 'Attempt to read property "collections_id" on null', 'APPPATH/Controllers/Home.php', 217)
 2 SYSTEMPATH/CodeIgniter.php(925): App\Controllers\Home->collection('FCPATH/assets', 'images', 'heywansa.png')
 3 SYSTEMPATH/CodeIgniter.php(480): CodeIgniter\CodeIgniter->runController(Object(App\Controllers\Home))
 4 SYSTEMPATH/CodeIgniter.php(349): CodeIgniter\CodeIgniter->handleRequest(null, Object(Config\Cache), false)
 5 FCPATH/index.php(67): CodeIgniter\CodeIgniter->run()
CRITICAL - 2025-06-05 12:18:43 --> Attempt to read property "collections_id" on null
in APPPATH/Controllers/Home.php on line 217.
 1 APPPATH/Controllers/Home.php(217): CodeIgniter\Debug\Exceptions->errorHandler(2, 'Attempt to read property "collections_id" on null', 'APPPATH/Controllers/Home.php', 217)
 2 SYSTEMPATH/CodeIgniter.php(925): App\Controllers\Home->collection('FCPATH/assets', 'images', 'products', 'small', 'product-1.jpg')
 3 SYSTEMPATH/CodeIgniter.php(480): CodeIgniter\CodeIgniter->runController(Object(App\Controllers\Home))
 4 SYSTEMPATH/CodeIgniter.php(349): CodeIgniter\CodeIgniter->handleRequest(null, Object(Config\Cache), false)
 5 FCPATH/index.php(67): CodeIgniter\CodeIgniter->run()
CRITICAL - 2025-06-05 12:19:43 --> Attempt to read property "collections_id" on null
in APPPATH/Controllers/Home.php on line 217.
 1 APPPATH/Controllers/Home.php(217): CodeIgniter\Debug\Exceptions->errorHandler(2, 'Attempt to read property "collections_id" on null', 'APPPATH/Controllers/Home.php', 217)
 2 SYSTEMPATH/CodeIgniter.php(925): App\Controllers\Home->collection('FCPATH/assets', 'images', 'products', 'small', 'product-1.jpg')
 3 SYSTEMPATH/CodeIgniter.php(480): CodeIgniter\CodeIgniter->runController(Object(App\Controllers\Home))
 4 SYSTEMPATH/CodeIgniter.php(349): CodeIgniter\CodeIgniter->handleRequest(null, Object(Config\Cache), false)
 5 FCPATH/index.php(67): CodeIgniter\CodeIgniter->run()
CRITICAL - 2025-06-05 12:20:43 --> Attempt to read property "collections_id" on null
in APPPATH/Controllers/Home.php on line 217.
 1 APPPATH/Controllers/Home.php(217): CodeIgniter\Debug\Exceptions->errorHandler(2, 'Attempt to read property "collections_id" on null', 'APPPATH/Controllers/Home.php', 217)
 2 SYSTEMPATH/CodeIgniter.php(925): App\Controllers\Home->collection('FCPATH/assets', 'images', 'products', 'small', 'product-1.jpg')
 3 SYSTEMPATH/CodeIgniter.php(480): CodeIgniter\CodeIgniter->runController(Object(App\Controllers\Home))
 4 SYSTEMPATH/CodeIgniter.php(349): CodeIgniter\CodeIgniter->handleRequest(null, Object(Config\Cache), false)
 5 FCPATH/index.php(67): CodeIgniter\CodeIgniter->run()
CRITICAL - 2025-06-05 12:21:43 --> Attempt to read property "collections_id" on null
in APPPATH/Controllers/Home.php on line 217.
 1 APPPATH/Controllers/Home.php(217): CodeIgniter\Debug\Exceptions->errorHandler(2, 'Attempt to read property "collections_id" on null', 'APPPATH/Controllers/Home.php', 217)
 2 SYSTEMPATH/CodeIgniter.php(925): App\Controllers\Home->collection('FCPATH/assets', 'images', 'products', 'small', 'product-1.jpg')
 3 SYSTEMPATH/CodeIgniter.php(480): CodeIgniter\CodeIgniter->runController(Object(App\Controllers\Home))
 4 SYSTEMPATH/CodeIgniter.php(349): CodeIgniter\CodeIgniter->handleRequest(null, Object(Config\Cache), false)
 5 FCPATH/index.php(67): CodeIgniter\CodeIgniter->run()
CRITICAL - 2025-06-05 12:22:43 --> Attempt to read property "collections_id" on null
in APPPATH/Controllers/Home.php on line 217.
 1 APPPATH/Controllers/Home.php(217): CodeIgniter\Debug\Exceptions->errorHandler(2, 'Attempt to read property "collections_id" on null', 'APPPATH/Controllers/Home.php', 217)
 2 SYSTEMPATH/CodeIgniter.php(925): App\Controllers\Home->collection('FCPATH/assets', 'images', 'products', 'small', 'product-1.jpg')
 3 SYSTEMPATH/CodeIgniter.php(480): CodeIgniter\CodeIgniter->runController(Object(App\Controllers\Home))
 4 SYSTEMPATH/CodeIgniter.php(349): CodeIgniter\CodeIgniter->handleRequest(null, Object(Config\Cache), false)
 5 FCPATH/index.php(67): CodeIgniter\CodeIgniter->run()
CRITICAL - 2025-06-05 12:23:43 --> Attempt to read property "collections_id" on null
in APPPATH/Controllers/Home.php on line 217.
 1 APPPATH/Controllers/Home.php(217): CodeIgniter\Debug\Exceptions->errorHandler(2, 'Attempt to read property "collections_id" on null', 'APPPATH/Controllers/Home.php', 217)
 2 SYSTEMPATH/CodeIgniter.php(925): App\Controllers\Home->collection('FCPATH/assets', 'images', 'products', 'small', 'product-1.jpg')
 3 SYSTEMPATH/CodeIgniter.php(480): CodeIgniter\CodeIgniter->runController(Object(App\Controllers\Home))
 4 SYSTEMPATH/CodeIgniter.php(349): CodeIgniter\CodeIgniter->handleRequest(null, Object(Config\Cache), false)
 5 FCPATH/index.php(67): CodeIgniter\CodeIgniter->run()
CRITICAL - 2025-06-05 12:24:43 --> Attempt to read property "collections_id" on null
in APPPATH/Controllers/Home.php on line 217.
 1 APPPATH/Controllers/Home.php(217): CodeIgniter\Debug\Exceptions->errorHandler(2, 'Attempt to read property "collections_id" on null', 'APPPATH/Controllers/Home.php', 217)
 2 SYSTEMPATH/CodeIgniter.php(925): App\Controllers\Home->collection('FCPATH/assets', 'images', 'products', 'small', 'product-1.jpg')
 3 SYSTEMPATH/CodeIgniter.php(480): CodeIgniter\CodeIgniter->runController(Object(App\Controllers\Home))
 4 SYSTEMPATH/CodeIgniter.php(349): CodeIgniter\CodeIgniter->handleRequest(null, Object(Config\Cache), false)
 5 FCPATH/index.php(67): CodeIgniter\CodeIgniter->run()
CRITICAL - 2025-06-05 12:25:43 --> Attempt to read property "collections_id" on null
in APPPATH/Controllers/Home.php on line 217.
 1 APPPATH/Controllers/Home.php(217): CodeIgniter\Debug\Exceptions->errorHandler(2, 'Attempt to read property "collections_id" on null', 'APPPATH/Controllers/Home.php', 217)
 2 SYSTEMPATH/CodeIgniter.php(925): App\Controllers\Home->collection('FCPATH/assets', 'images', 'products', 'small', 'product-1.jpg')
 3 SYSTEMPATH/CodeIgniter.php(480): CodeIgniter\CodeIgniter->runController(Object(App\Controllers\Home))
 4 SYSTEMPATH/CodeIgniter.php(349): CodeIgniter\CodeIgniter->handleRequest(null, Object(Config\Cache), false)
 5 FCPATH/index.php(67): CodeIgniter\CodeIgniter->run()
CRITICAL - 2025-06-05 12:26:43 --> Attempt to read property "collections_id" on null
in APPPATH/Controllers/Home.php on line 217.
 1 APPPATH/Controllers/Home.php(217): CodeIgniter\Debug\Exceptions->errorHandler(2, 'Attempt to read property "collections_id" on null', 'APPPATH/Controllers/Home.php', 217)
 2 SYSTEMPATH/CodeIgniter.php(925): App\Controllers\Home->collection('FCPATH/assets', 'images', 'products', 'small', 'product-1.jpg')
 3 SYSTEMPATH/CodeIgniter.php(480): CodeIgniter\CodeIgniter->runController(Object(App\Controllers\Home))
 4 SYSTEMPATH/CodeIgniter.php(349): CodeIgniter\CodeIgniter->handleRequest(null, Object(Config\Cache), false)
 5 FCPATH/index.php(67): CodeIgniter\CodeIgniter->run()
CRITICAL - 2025-06-05 12:27:43 --> Attempt to read property "collections_id" on null
in APPPATH/Controllers/Home.php on line 217.
 1 APPPATH/Controllers/Home.php(217): CodeIgniter\Debug\Exceptions->errorHandler(2, 'Attempt to read property "collections_id" on null', 'APPPATH/Controllers/Home.php', 217)
 2 SYSTEMPATH/CodeIgniter.php(925): App\Controllers\Home->collection('FCPATH/assets', 'images', 'products', 'small', 'product-1.jpg')
 3 SYSTEMPATH/CodeIgniter.php(480): CodeIgniter\CodeIgniter->runController(Object(App\Controllers\Home))
 4 SYSTEMPATH/CodeIgniter.php(349): CodeIgniter\CodeIgniter->handleRequest(null, Object(Config\Cache), false)
 5 FCPATH/index.php(67): CodeIgniter\CodeIgniter->run()
