CRITICAL - 2026-02-02 00:51:51 --> Attempt to read property "collections_id" on null
in APPPATH/Controllers/Home.php on line 223.
 1 APPPATH/Controllers/Home.php(223): CodeIgniter\Debug\Exceptions->errorHandler()
 2 SYSTEMPATH/CodeIgniter.php(925): App\Controllers\Home->collection()
 3 SYSTEMPATH/CodeIgniter.php(480): CodeIgniter\CodeIgniter->runController()
 4 SYSTEMPATH/CodeIgniter.php(349): CodeIgniter\CodeIgniter->handleRequest()
 5 FCPATH/index.php(67): CodeIgniter\CodeIgniter->run()
CRITICAL - 2026-02-02 00:51:51 --> Attempt to read property "collections_id" on null
in APPPATH/Controllers/Home.php on line 223.
 1 APPPATH/Controllers/Home.php(223): CodeIgniter\Debug\Exceptions->errorHandler()
 2 SYSTEMPATH/CodeIgniter.php(925): App\Controllers\Home->collection()
 3 SYSTEMPATH/CodeIgniter.php(480): CodeIgniter\CodeIgniter->runController()
 4 SYSTEMPATH/CodeIgniter.php(349): CodeIgniter\CodeIgniter->handleRequest()
 5 FCPATH/index.php(67): CodeIgniter\CodeIgniter->run()
CRITICAL - 2026-02-02 00:51:51 --> Undefined variable $total_cart_amount
in APPPATH/Controllers/Ajex.php on line 214.
 1 APPPATH/Controllers/Ajex.php(214): CodeIgniter\Debug\Exceptions->errorHandler()
 2 SYSTEMPATH/CodeIgniter.php(925): App\Controllers\Ajex->my_cart_list()
 3 SYSTEMPATH/CodeIgniter.php(480): CodeIgniter\CodeIgniter->runController()
 4 SYSTEMPATH/CodeIgniter.php(349): CodeIgniter\CodeIgniter->handleRequest()
 5 FCPATH/index.php(67): CodeIgniter\CodeIgniter->run()
CRITICAL - 2026-02-02 01:32:18 --> Attempt to read property "product_meta_title" on null
in APPPATH/Controllers/Home.php on line 287.
 1 APPPATH/Controllers/Home.php(287): CodeIgniter\Debug\Exceptions->errorHandler()
 2 SYSTEMPATH/CodeIgniter.php(925): App\Controllers\Home->product_details()
 3 SYSTEMPATH/CodeIgniter.php(480): CodeIgniter\CodeIgniter->runController()
 4 SYSTEMPATH/CodeIgniter.php(349): CodeIgniter\CodeIgniter->handleRequest()
 5 FCPATH/index.php(67): CodeIgniter\CodeIgniter->run()
CRITICAL - 2026-02-02 01:32:26 --> Undefined variable $total_cart_amount
in APPPATH/Controllers/Ajex.php on line 214.
 1 APPPATH/Controllers/Ajex.php(214): CodeIgniter\Debug\Exceptions->errorHandler()
 2 SYSTEMPATH/CodeIgniter.php(925): App\Controllers\Ajex->my_cart_list()
 3 SYSTEMPATH/CodeIgniter.php(480): CodeIgniter\CodeIgniter->runController()
 4 SYSTEMPATH/CodeIgniter.php(349): CodeIgniter\CodeIgniter->handleRequest()
 5 FCPATH/index.php(67): CodeIgniter\CodeIgniter->run()
CRITICAL - 2026-02-02 01:41:01 --> Attempt to read property "product_meta_title" on null
in APPPATH/Controllers/Home.php on line 287.
 1 APPPATH/Controllers/Home.php(287): CodeIgniter\Debug\Exceptions->errorHandler()
 2 SYSTEMPATH/CodeIgniter.php(925): App\Controllers\Home->product_details()
 3 SYSTEMPATH/CodeIgniter.php(480): CodeIgniter\CodeIgniter->runController()
 4 SYSTEMPATH/CodeIgniter.php(349): CodeIgniter\CodeIgniter->handleRequest()
 5 FCPATH/index.php(67): CodeIgniter\CodeIgniter->run()
CRITICAL - 2026-02-02 01:41:01 --> Attempt to read property "product_meta_title" on null
in APPPATH/Controllers/Home.php on line 287.
 1 APPPATH/Controllers/Home.php(287): CodeIgniter\Debug\Exceptions->errorHandler()
 2 SYSTEMPATH/CodeIgniter.php(925): App\Controllers\Home->product_details()
 3 SYSTEMPATH/CodeIgniter.php(480): CodeIgniter\CodeIgniter->runController()
 4 SYSTEMPATH/CodeIgniter.php(349): CodeIgniter\CodeIgniter->handleRequest()
 5 FCPATH/index.php(67): CodeIgniter\CodeIgniter->run()
CRITICAL - 2026-02-02 01:41:01 --> Undefined variable $total_cart_amount
in APPPATH/Controllers/Ajex.php on line 214.
 1 APPPATH/Controllers/Ajex.php(214): CodeIgniter\Debug\Exceptions->errorHandler()
 2 SYSTEMPATH/CodeIgniter.php(925): App\Controllers\Ajex->my_cart_list()
 3 SYSTEMPATH/CodeIgniter.php(480): CodeIgniter\CodeIgniter->runController()
 4 SYSTEMPATH/CodeIgniter.php(349): CodeIgniter\CodeIgniter->handleRequest()
 5 FCPATH/index.php(67): CodeIgniter\CodeIgniter->run()
CRITICAL - 2026-02-02 02:17:22 --> Undefined variable $total_cart_amount
in APPPATH/Controllers/Ajex.php on line 214.
 1 APPPATH/Controllers/Ajex.php(214): CodeIgniter\Debug\Exceptions->errorHandler()
 2 SYSTEMPATH/CodeIgniter.php(925): App\Controllers\Ajex->my_cart_list()
 3 SYSTEMPATH/CodeIgniter.php(480): CodeIgniter\CodeIgniter->runController()
 4 SYSTEMPATH/CodeIgniter.php(349): CodeIgniter\CodeIgniter->handleRequest()
 5 FCPATH/index.php(67): CodeIgniter\CodeIgniter->run()
CRITICAL - 2026-02-02 02:17:47 --> Undefined variable $total_cart_amount
in APPPATH/Controllers/Ajex.php on line 214.
 1 APPPATH/Controllers/Ajex.php(214): CodeIgniter\Debug\Exceptions->errorHandler()
 2 SYSTEMPATH/CodeIgniter.php(925): App\Controllers\Ajex->my_cart_list()
 3 SYSTEMPATH/CodeIgniter.php(480): CodeIgniter\CodeIgniter->runController()
 4 SYSTEMPATH/CodeIgniter.php(349): CodeIgniter\CodeIgniter->handleRequest()
 5 FCPATH/index.php(67): CodeIgniter\CodeIgniter->run()
CRITICAL - 2026-02-02 02:27:21 --> Undefined variable $total_cart_amount
in APPPATH/Controllers/Ajex.php on line 214.
 1 APPPATH/Controllers/Ajex.php(214): CodeIgniter\Debug\Exceptions->errorHandler()
 2 SYSTEMPATH/CodeIgniter.php(925): App\Controllers\Ajex->my_cart_list()
 3 SYSTEMPATH/CodeIgniter.php(480): CodeIgniter\CodeIgniter->runController()
 4 SYSTEMPATH/CodeIgniter.php(349): CodeIgniter\CodeIgniter->handleRequest()
 5 FCPATH/index.php(67): CodeIgniter\CodeIgniter->run()
CRITICAL - 2026-02-02 02:35:26 --> Undefined variable $total_cart_amount
in APPPATH/Controllers/Ajex.php on line 214.
 1 APPPATH/Controllers/Ajex.php(214): CodeIgniter\Debug\Exceptions->errorHandler()
 2 SYSTEMPATH/CodeIgniter.php(925): App\Controllers\Ajex->my_cart_list()
 3 SYSTEMPATH/CodeIgniter.php(480): CodeIgniter\CodeIgniter->runController()
 4 SYSTEMPATH/CodeIgniter.php(349): CodeIgniter\CodeIgniter->handleRequest()
 5 FCPATH/index.php(67): CodeIgniter\CodeIgniter->run()
CRITICAL - 2026-02-02 03:48:59 --> Undefined variable $total_cart_amount
in APPPATH/Controllers/Ajex.php on line 214.
 1 APPPATH/Controllers/Ajex.php(214): CodeIgniter\Debug\Exceptions->errorHandler()
 2 SYSTEMPATH/CodeIgniter.php(925): App\Controllers\Ajex->my_cart_list()
 3 SYSTEMPATH/CodeIgniter.php(480): CodeIgniter\CodeIgniter->runController()
 4 SYSTEMPATH/CodeIgniter.php(349): CodeIgniter\CodeIgniter->handleRequest()
 5 FCPATH/index.php(67): CodeIgniter\CodeIgniter->run()
CRITICAL - 2026-02-02 07:23:05 --> Attempt to read property "product_meta_title" on null
in APPPATH/Controllers/Home.php on line 287.
 1 APPPATH/Controllers/Home.php(287): CodeIgniter\Debug\Exceptions->errorHandler()
 2 SYSTEMPATH/CodeIgniter.php(925): App\Controllers\Home->product_details()
 3 SYSTEMPATH/CodeIgniter.php(480): CodeIgniter\CodeIgniter->runController()
 4 SYSTEMPATH/CodeIgniter.php(349): CodeIgniter\CodeIgniter->handleRequest()
 5 FCPATH/index.php(67): CodeIgniter\CodeIgniter->run()
CRITICAL - 2026-02-02 07:23:05 --> Attempt to read property "product_meta_title" on null
in APPPATH/Controllers/Home.php on line 287.
 1 APPPATH/Controllers/Home.php(287): CodeIgniter\Debug\Exceptions->errorHandler()
 2 SYSTEMPATH/CodeIgniter.php(925): App\Controllers\Home->product_details()
 3 SYSTEMPATH/CodeIgniter.php(480): CodeIgniter\CodeIgniter->runController()
 4 SYSTEMPATH/CodeIgniter.php(349): CodeIgniter\CodeIgniter->handleRequest()
 5 FCPATH/index.php(67): CodeIgniter\CodeIgniter->run()
CRITICAL - 2026-02-02 07:23:05 --> Undefined variable $total_cart_amount
in APPPATH/Controllers/Ajex.php on line 214.
 1 APPPATH/Controllers/Ajex.php(214): CodeIgniter\Debug\Exceptions->errorHandler()
 2 SYSTEMPATH/CodeIgniter.php(925): App\Controllers\Ajex->my_cart_list()
 3 SYSTEMPATH/CodeIgniter.php(480): CodeIgniter\CodeIgniter->runController()
 4 SYSTEMPATH/CodeIgniter.php(349): CodeIgniter\CodeIgniter->handleRequest()
 5 FCPATH/index.php(67): CodeIgniter\CodeIgniter->run()
CRITICAL - 2026-02-02 09:30:35 --> Undefined variable $total_cart_amount
in APPPATH/Controllers/Ajex.php on line 214.
 1 APPPATH/Controllers/Ajex.php(214): CodeIgniter\Debug\Exceptions->errorHandler()
 2 SYSTEMPATH/CodeIgniter.php(925): App\Controllers\Ajex->my_cart_list()
 3 SYSTEMPATH/CodeIgniter.php(480): CodeIgniter\CodeIgniter->runController()
 4 SYSTEMPATH/CodeIgniter.php(349): CodeIgniter\CodeIgniter->handleRequest()
 5 FCPATH/index.php(67): CodeIgniter\CodeIgniter->run()
CRITICAL - 2026-02-02 11:29:42 --> Undefined variable $total_cart_amount
in APPPATH/Controllers/Ajex.php on line 214.
 1 APPPATH/Controllers/Ajex.php(214): CodeIgniter\Debug\Exceptions->errorHandler()
 2 SYSTEMPATH/CodeIgniter.php(925): App\Controllers\Ajex->my_cart_list()
 3 SYSTEMPATH/CodeIgniter.php(480): CodeIgniter\CodeIgniter->runController()
 4 SYSTEMPATH/CodeIgniter.php(349): CodeIgniter\CodeIgniter->handleRequest()
 5 FCPATH/index.php(67): CodeIgniter\CodeIgniter->run()
CRITICAL - 2026-02-02 11:30:37 --> Undefined variable $total_cart_amount
in APPPATH/Controllers/Ajex.php on line 214.
 1 APPPATH/Controllers/Ajex.php(214): CodeIgniter\Debug\Exceptions->errorHandler()
 2 SYSTEMPATH/CodeIgniter.php(925): App\Controllers\Ajex->my_cart_list()
 3 SYSTEMPATH/CodeIgniter.php(480): CodeIgniter\CodeIgniter->runController()
 4 SYSTEMPATH/CodeIgniter.php(349): CodeIgniter\CodeIgniter->handleRequest()
 5 FCPATH/index.php(67): CodeIgniter\CodeIgniter->run()
CRITICAL - 2026-02-02 13:43:27 --> Attempt to read property "product_meta_title" on null
in APPPATH/Controllers/Home.php on line 287.
 1 APPPATH/Controllers/Home.php(287): CodeIgniter\Debug\Exceptions->errorHandler()
 2 SYSTEMPATH/CodeIgniter.php(925): App\Controllers\Home->product_details()
 3 SYSTEMPATH/CodeIgniter.php(480): CodeIgniter\CodeIgniter->runController()
 4 SYSTEMPATH/CodeIgniter.php(349): CodeIgniter\CodeIgniter->handleRequest()
 5 FCPATH/index.php(67): CodeIgniter\CodeIgniter->run()
CRITICAL - 2026-02-02 13:43:27 --> Undefined variable $total_cart_amount
in APPPATH/Controllers/Ajex.php on line 214.
 1 APPPATH/Controllers/Ajex.php(214): CodeIgniter\Debug\Exceptions->errorHandler()
 2 SYSTEMPATH/CodeIgniter.php(925): App\Controllers\Ajex->my_cart_list()
 3 SYSTEMPATH/CodeIgniter.php(480): CodeIgniter\CodeIgniter->runController()
 4 SYSTEMPATH/CodeIgniter.php(349): CodeIgniter\CodeIgniter->handleRequest()
 5 FCPATH/index.php(67): CodeIgniter\CodeIgniter->run()
CRITICAL - 2026-02-02 13:43:27 --> Attempt to read property "product_meta_title" on null
in APPPATH/Controllers/Home.php on line 287.
 1 APPPATH/Controllers/Home.php(287): CodeIgniter\Debug\Exceptions->errorHandler()
 2 SYSTEMPATH/CodeIgniter.php(925): App\Controllers\Home->product_details()
 3 SYSTEMPATH/CodeIgniter.php(480): CodeIgniter\CodeIgniter->runController()
 4 SYSTEMPATH/CodeIgniter.php(349): CodeIgniter\CodeIgniter->handleRequest()
 5 FCPATH/index.php(67): CodeIgniter\CodeIgniter->run()
CRITICAL - 2026-02-02 17:11:10 --> Undefined variable $total_cart_amount
in APPPATH/Controllers/Ajex.php on line 214.
 1 APPPATH/Controllers/Ajex.php(214): CodeIgniter\Debug\Exceptions->errorHandler()
 2 SYSTEMPATH/CodeIgniter.php(925): App\Controllers\Ajex->my_cart_list()
 3 SYSTEMPATH/CodeIgniter.php(480): CodeIgniter\CodeIgniter->runController()
 4 SYSTEMPATH/CodeIgniter.php(349): CodeIgniter\CodeIgniter->handleRequest()
 5 FCPATH/index.php(67): CodeIgniter\CodeIgniter->run()
CRITICAL - 2026-02-02 17:11:11 --> Undefined variable $total_cart_amount
in APPPATH/Controllers/Ajex.php on line 214.
 1 APPPATH/Controllers/Ajex.php(214): CodeIgniter\Debug\Exceptions->errorHandler()
 2 SYSTEMPATH/CodeIgniter.php(925): App\Controllers\Ajex->my_cart_list()
 3 SYSTEMPATH/CodeIgniter.php(480): CodeIgniter\CodeIgniter->runController()
 4 SYSTEMPATH/CodeIgniter.php(349): CodeIgniter\CodeIgniter->handleRequest()
 5 FCPATH/index.php(67): CodeIgniter\CodeIgniter->run()
CRITICAL - 2026-02-02 17:23:46 --> Undefined variable $total_cart_amount
in APPPATH/Controllers/Ajex.php on line 214.
 1 APPPATH/Controllers/Ajex.php(214): CodeIgniter\Debug\Exceptions->errorHandler()
 2 SYSTEMPATH/CodeIgniter.php(925): App\Controllers\Ajex->my_cart_list()
 3 SYSTEMPATH/CodeIgniter.php(480): CodeIgniter\CodeIgniter->runController()
 4 SYSTEMPATH/CodeIgniter.php(349): CodeIgniter\CodeIgniter->handleRequest()
 5 FCPATH/index.php(67): CodeIgniter\CodeIgniter->run()
CRITICAL - 2026-02-02 21:40:53 --> Undefined variable $total_cart_amount
in APPPATH/Controllers/Ajex.php on line 214.
 1 APPPATH/Controllers/Ajex.php(214): CodeIgniter\Debug\Exceptions->errorHandler()
 2 SYSTEMPATH/CodeIgniter.php(925): App\Controllers\Ajex->my_cart_list()
 3 SYSTEMPATH/CodeIgniter.php(480): CodeIgniter\CodeIgniter->runController()
 4 SYSTEMPATH/CodeIgniter.php(349): CodeIgniter\CodeIgniter->handleRequest()
 5 FCPATH/index.php(67): CodeIgniter\CodeIgniter->run()
