CRITICAL - 2026-03-09 09:31:13 --> Undefined variable $total_cart_amount
in APPPATH/Controllers/Ajex.php on line 214.
 1 APPPATH/Controllers/Ajex.php(214): CodeIgniter\Debug\Exceptions->errorHandler()
 2 SYSTEMPATH/CodeIgniter.php(925): App\Controllers\Ajex->my_cart_list()
 3 SYSTEMPATH/CodeIgniter.php(480): CodeIgniter\CodeIgniter->runController()
 4 SYSTEMPATH/CodeIgniter.php(349): CodeIgniter\CodeIgniter->handleRequest()
 5 FCPATH/index.php(67): CodeIgniter\CodeIgniter->run()
CRITICAL - 2026-03-09 10:05:37 --> Attempt to read property "collections_id" on null
in APPPATH/Controllers/Home.php on line 223.
 1 APPPATH/Controllers/Home.php(223): CodeIgniter\Debug\Exceptions->errorHandler()
 2 SYSTEMPATH/CodeIgniter.php(925): App\Controllers\Home->collection()
 3 SYSTEMPATH/CodeIgniter.php(480): CodeIgniter\CodeIgniter->runController()
 4 SYSTEMPATH/CodeIgniter.php(349): CodeIgniter\CodeIgniter->handleRequest()
 5 FCPATH/index.php(67): CodeIgniter\CodeIgniter->run()
CRITICAL - 2026-03-09 10:05:49 --> Attempt to read property "product_meta_title" on null
in APPPATH/Controllers/Home.php on line 287.
 1 APPPATH/Controllers/Home.php(287): CodeIgniter\Debug\Exceptions->errorHandler()
 2 SYSTEMPATH/CodeIgniter.php(925): App\Controllers\Home->product_details()
 3 SYSTEMPATH/CodeIgniter.php(480): CodeIgniter\CodeIgniter->runController()
 4 SYSTEMPATH/CodeIgniter.php(349): CodeIgniter\CodeIgniter->handleRequest()
 5 FCPATH/index.php(67): CodeIgniter\CodeIgniter->run()
CRITICAL - 2026-03-09 10:05:51 --> Attempt to read property "cms_page_name" on null
in APPPATH/Controllers/Home.php on line 814.
 1 APPPATH/Controllers/Home.php(814): CodeIgniter\Debug\Exceptions->errorHandler()
 2 SYSTEMPATH/CodeIgniter.php(925): App\Controllers\Home->pages()
 3 SYSTEMPATH/CodeIgniter.php(480): CodeIgniter\CodeIgniter->runController()
 4 SYSTEMPATH/CodeIgniter.php(349): CodeIgniter\CodeIgniter->handleRequest()
 5 FCPATH/index.php(67): CodeIgniter\CodeIgniter->run()
CRITICAL - 2026-03-09 14:07:10 --> Undefined variable $total_cart_amount
in APPPATH/Controllers/Ajex.php on line 214.
 1 APPPATH/Controllers/Ajex.php(214): CodeIgniter\Debug\Exceptions->errorHandler()
 2 SYSTEMPATH/CodeIgniter.php(925): App\Controllers\Ajex->my_cart_list()
 3 SYSTEMPATH/CodeIgniter.php(480): CodeIgniter\CodeIgniter->runController()
 4 SYSTEMPATH/CodeIgniter.php(349): CodeIgniter\CodeIgniter->handleRequest()
 5 FCPATH/index.php(67): CodeIgniter\CodeIgniter->run()
CRITICAL - 2026-03-09 17:28:48 --> Undefined variable $total_cart_amount
in APPPATH/Controllers/Ajex.php on line 214.
 1 APPPATH/Controllers/Ajex.php(214): CodeIgniter\Debug\Exceptions->errorHandler()
 2 SYSTEMPATH/CodeIgniter.php(925): App\Controllers\Ajex->my_cart_list()
 3 SYSTEMPATH/CodeIgniter.php(480): CodeIgniter\CodeIgniter->runController()
 4 SYSTEMPATH/CodeIgniter.php(349): CodeIgniter\CodeIgniter->handleRequest()
 5 FCPATH/index.php(67): CodeIgniter\CodeIgniter->run()
CRITICAL - 2026-03-09 18:07:13 --> Undefined variable $total_cart_amount
in APPPATH/Controllers/Ajex.php on line 214.
 1 APPPATH/Controllers/Ajex.php(214): CodeIgniter\Debug\Exceptions->errorHandler()
 2 SYSTEMPATH/CodeIgniter.php(925): App\Controllers\Ajex->my_cart_list()
 3 SYSTEMPATH/CodeIgniter.php(480): CodeIgniter\CodeIgniter->runController()
 4 SYSTEMPATH/CodeIgniter.php(349): CodeIgniter\CodeIgniter->handleRequest()
 5 FCPATH/index.php(67): CodeIgniter\CodeIgniter->run()
CRITICAL - 2026-03-09 18:12:40 --> Undefined variable $total_cart_amount
in APPPATH/Controllers/Ajex.php on line 214.
 1 APPPATH/Controllers/Ajex.php(214): CodeIgniter\Debug\Exceptions->errorHandler()
 2 SYSTEMPATH/CodeIgniter.php(925): App\Controllers\Ajex->my_cart_list()
 3 SYSTEMPATH/CodeIgniter.php(480): CodeIgniter\CodeIgniter->runController()
 4 SYSTEMPATH/CodeIgniter.php(349): CodeIgniter\CodeIgniter->handleRequest()
 5 FCPATH/index.php(67): CodeIgniter\CodeIgniter->run()
CRITICAL - 2026-03-09 18:12:40 --> Undefined variable $total_cart_amount
in APPPATH/Controllers/Ajex.php on line 214.
 1 APPPATH/Controllers/Ajex.php(214): CodeIgniter\Debug\Exceptions->errorHandler()
 2 SYSTEMPATH/CodeIgniter.php(925): App\Controllers\Ajex->my_cart_list()
 3 SYSTEMPATH/CodeIgniter.php(480): CodeIgniter\CodeIgniter->runController()
 4 SYSTEMPATH/CodeIgniter.php(349): CodeIgniter\CodeIgniter->handleRequest()
 5 FCPATH/index.php(67): CodeIgniter\CodeIgniter->run()
CRITICAL - 2026-03-09 20:48:24 --> Undefined variable $total_cart_amount
in APPPATH/Controllers/Ajex.php on line 214.
 1 APPPATH/Controllers/Ajex.php(214): CodeIgniter\Debug\Exceptions->errorHandler()
 2 SYSTEMPATH/CodeIgniter.php(925): App\Controllers\Ajex->my_cart_list()
 3 SYSTEMPATH/CodeIgniter.php(480): CodeIgniter\CodeIgniter->runController()
 4 SYSTEMPATH/CodeIgniter.php(349): CodeIgniter\CodeIgniter->handleRequest()
 5 FCPATH/index.php(67): CodeIgniter\CodeIgniter->run()
