CRITICAL - 2026-02-03 01:14:50 --> Attempt to read property "product_meta_title" on null
in APPPATH/Controllers/Home.php on line 287.
 1 APPPATH/Controllers/Home.php(287): CodeIgniter\Debug\Exceptions->errorHandler()
 2 SYSTEMPATH/CodeIgniter.php(925): App\Controllers\Home->product_details()
 3 SYSTEMPATH/CodeIgniter.php(480): CodeIgniter\CodeIgniter->runController()
 4 SYSTEMPATH/CodeIgniter.php(349): CodeIgniter\CodeIgniter->handleRequest()
 5 FCPATH/index.php(67): CodeIgniter\CodeIgniter->run()
CRITICAL - 2026-02-03 01:14:50 --> Attempt to read property "product_meta_title" on null
in APPPATH/Controllers/Home.php on line 287.
 1 APPPATH/Controllers/Home.php(287): CodeIgniter\Debug\Exceptions->errorHandler()
 2 SYSTEMPATH/CodeIgniter.php(925): App\Controllers\Home->product_details()
 3 SYSTEMPATH/CodeIgniter.php(480): CodeIgniter\CodeIgniter->runController()
 4 SYSTEMPATH/CodeIgniter.php(349): CodeIgniter\CodeIgniter->handleRequest()
 5 FCPATH/index.php(67): CodeIgniter\CodeIgniter->run()
CRITICAL - 2026-02-03 01:14:50 --> Undefined variable $total_cart_amount
in APPPATH/Controllers/Ajex.php on line 214.
 1 APPPATH/Controllers/Ajex.php(214): CodeIgniter\Debug\Exceptions->errorHandler()
 2 SYSTEMPATH/CodeIgniter.php(925): App\Controllers\Ajex->my_cart_list()
 3 SYSTEMPATH/CodeIgniter.php(480): CodeIgniter\CodeIgniter->runController()
 4 SYSTEMPATH/CodeIgniter.php(349): CodeIgniter\CodeIgniter->handleRequest()
 5 FCPATH/index.php(67): CodeIgniter\CodeIgniter->run()
CRITICAL - 2026-02-03 04:03:39 --> Undefined variable $total_cart_amount
in APPPATH/Controllers/Ajex.php on line 214.
 1 APPPATH/Controllers/Ajex.php(214): CodeIgniter\Debug\Exceptions->errorHandler()
 2 SYSTEMPATH/CodeIgniter.php(925): App\Controllers\Ajex->my_cart_list()
 3 SYSTEMPATH/CodeIgniter.php(480): CodeIgniter\CodeIgniter->runController()
 4 SYSTEMPATH/CodeIgniter.php(349): CodeIgniter\CodeIgniter->handleRequest()
 5 FCPATH/index.php(67): CodeIgniter\CodeIgniter->run()
CRITICAL - 2026-02-03 05:19:57 --> Undefined variable $total_cart_amount
in APPPATH/Controllers/Ajex.php on line 214.
 1 APPPATH/Controllers/Ajex.php(214): CodeIgniter\Debug\Exceptions->errorHandler()
 2 SYSTEMPATH/CodeIgniter.php(925): App\Controllers\Ajex->my_cart_list()
 3 SYSTEMPATH/CodeIgniter.php(480): CodeIgniter\CodeIgniter->runController()
 4 SYSTEMPATH/CodeIgniter.php(349): CodeIgniter\CodeIgniter->handleRequest()
 5 FCPATH/index.php(67): CodeIgniter\CodeIgniter->run()
CRITICAL - 2026-02-03 05:20:15 --> Undefined variable $total_cart_amount
in APPPATH/Controllers/Ajex.php on line 214.
 1 APPPATH/Controllers/Ajex.php(214): CodeIgniter\Debug\Exceptions->errorHandler()
 2 SYSTEMPATH/CodeIgniter.php(925): App\Controllers\Ajex->my_cart_list()
 3 SYSTEMPATH/CodeIgniter.php(480): CodeIgniter\CodeIgniter->runController()
 4 SYSTEMPATH/CodeIgniter.php(349): CodeIgniter\CodeIgniter->handleRequest()
 5 FCPATH/index.php(67): CodeIgniter\CodeIgniter->run()
CRITICAL - 2026-02-03 05:20:49 --> Undefined variable $total_cart_amount
in APPPATH/Controllers/Ajex.php on line 214.
 1 APPPATH/Controllers/Ajex.php(214): CodeIgniter\Debug\Exceptions->errorHandler()
 2 SYSTEMPATH/CodeIgniter.php(925): App\Controllers\Ajex->my_cart_list()
 3 SYSTEMPATH/CodeIgniter.php(480): CodeIgniter\CodeIgniter->runController()
 4 SYSTEMPATH/CodeIgniter.php(349): CodeIgniter\CodeIgniter->handleRequest()
 5 FCPATH/index.php(67): CodeIgniter\CodeIgniter->run()
CRITICAL - 2026-02-03 05:21:24 --> Undefined variable $total_cart_amount
in APPPATH/Controllers/Ajex.php on line 214.
 1 APPPATH/Controllers/Ajex.php(214): CodeIgniter\Debug\Exceptions->errorHandler()
 2 SYSTEMPATH/CodeIgniter.php(925): App\Controllers\Ajex->my_cart_list()
 3 SYSTEMPATH/CodeIgniter.php(480): CodeIgniter\CodeIgniter->runController()
 4 SYSTEMPATH/CodeIgniter.php(349): CodeIgniter\CodeIgniter->handleRequest()
 5 FCPATH/index.php(67): CodeIgniter\CodeIgniter->run()
CRITICAL - 2026-02-03 05:59:54 --> Attempt to read property "product_meta_title" on null
in APPPATH/Controllers/Home.php on line 287.
 1 APPPATH/Controllers/Home.php(287): CodeIgniter\Debug\Exceptions->errorHandler()
 2 SYSTEMPATH/CodeIgniter.php(925): App\Controllers\Home->product_details()
 3 SYSTEMPATH/CodeIgniter.php(480): CodeIgniter\CodeIgniter->runController()
 4 SYSTEMPATH/CodeIgniter.php(349): CodeIgniter\CodeIgniter->handleRequest()
 5 FCPATH/index.php(67): CodeIgniter\CodeIgniter->run()
CRITICAL - 2026-02-03 05:59:54 --> Attempt to read property "product_meta_title" on null
in APPPATH/Controllers/Home.php on line 287.
 1 APPPATH/Controllers/Home.php(287): CodeIgniter\Debug\Exceptions->errorHandler()
 2 SYSTEMPATH/CodeIgniter.php(925): App\Controllers\Home->product_details()
 3 SYSTEMPATH/CodeIgniter.php(480): CodeIgniter\CodeIgniter->runController()
 4 SYSTEMPATH/CodeIgniter.php(349): CodeIgniter\CodeIgniter->handleRequest()
 5 FCPATH/index.php(67): CodeIgniter\CodeIgniter->run()
CRITICAL - 2026-02-03 05:59:54 --> Undefined variable $total_cart_amount
in APPPATH/Controllers/Ajex.php on line 214.
 1 APPPATH/Controllers/Ajex.php(214): CodeIgniter\Debug\Exceptions->errorHandler()
 2 SYSTEMPATH/CodeIgniter.php(925): App\Controllers\Ajex->my_cart_list()
 3 SYSTEMPATH/CodeIgniter.php(480): CodeIgniter\CodeIgniter->runController()
 4 SYSTEMPATH/CodeIgniter.php(349): CodeIgniter\CodeIgniter->handleRequest()
 5 FCPATH/index.php(67): CodeIgniter\CodeIgniter->run()
CRITICAL - 2026-02-03 06:47:52 --> Undefined variable $total_cart_amount
in APPPATH/Controllers/Ajex.php on line 214.
 1 APPPATH/Controllers/Ajex.php(214): CodeIgniter\Debug\Exceptions->errorHandler()
 2 SYSTEMPATH/CodeIgniter.php(925): App\Controllers\Ajex->my_cart_list()
 3 SYSTEMPATH/CodeIgniter.php(480): CodeIgniter\CodeIgniter->runController()
 4 SYSTEMPATH/CodeIgniter.php(349): CodeIgniter\CodeIgniter->handleRequest()
 5 FCPATH/index.php(67): CodeIgniter\CodeIgniter->run()
CRITICAL - 2026-02-03 07:23:38 --> Undefined variable $total_cart_amount
in APPPATH/Controllers/Ajex.php on line 214.
 1 APPPATH/Controllers/Ajex.php(214): CodeIgniter\Debug\Exceptions->errorHandler()
 2 SYSTEMPATH/CodeIgniter.php(925): App\Controllers\Ajex->my_cart_list()
 3 SYSTEMPATH/CodeIgniter.php(480): CodeIgniter\CodeIgniter->runController()
 4 SYSTEMPATH/CodeIgniter.php(349): CodeIgniter\CodeIgniter->handleRequest()
 5 FCPATH/index.php(67): CodeIgniter\CodeIgniter->run()
CRITICAL - 2026-02-03 08:18:58 --> Undefined variable $total_cart_amount
in APPPATH/Controllers/Ajex.php on line 214.
 1 APPPATH/Controllers/Ajex.php(214): CodeIgniter\Debug\Exceptions->errorHandler()
 2 SYSTEMPATH/CodeIgniter.php(925): App\Controllers\Ajex->my_cart_list()
 3 SYSTEMPATH/CodeIgniter.php(480): CodeIgniter\CodeIgniter->runController()
 4 SYSTEMPATH/CodeIgniter.php(349): CodeIgniter\CodeIgniter->handleRequest()
 5 FCPATH/index.php(67): CodeIgniter\CodeIgniter->run()
CRITICAL - 2026-02-03 10:22:48 --> Attempt to read property "product_meta_title" on null
in APPPATH/Controllers/Home.php on line 287.
 1 APPPATH/Controllers/Home.php(287): CodeIgniter\Debug\Exceptions->errorHandler()
 2 SYSTEMPATH/CodeIgniter.php(925): App\Controllers\Home->product_details()
 3 SYSTEMPATH/CodeIgniter.php(480): CodeIgniter\CodeIgniter->runController()
 4 SYSTEMPATH/CodeIgniter.php(349): CodeIgniter\CodeIgniter->handleRequest()
 5 FCPATH/index.php(67): CodeIgniter\CodeIgniter->run()
CRITICAL - 2026-02-03 10:22:49 --> Undefined variable $total_cart_amount
in APPPATH/Controllers/Ajex.php on line 214.
 1 APPPATH/Controllers/Ajex.php(214): CodeIgniter\Debug\Exceptions->errorHandler()
 2 SYSTEMPATH/CodeIgniter.php(925): App\Controllers\Ajex->my_cart_list()
 3 SYSTEMPATH/CodeIgniter.php(480): CodeIgniter\CodeIgniter->runController()
 4 SYSTEMPATH/CodeIgniter.php(349): CodeIgniter\CodeIgniter->handleRequest()
 5 FCPATH/index.php(67): CodeIgniter\CodeIgniter->run()
CRITICAL - 2026-02-03 11:02:10 --> Attempt to read property "product_meta_title" on null
in APPPATH/Controllers/Home.php on line 287.
 1 APPPATH/Controllers/Home.php(287): CodeIgniter\Debug\Exceptions->errorHandler()
 2 SYSTEMPATH/CodeIgniter.php(925): App\Controllers\Home->product_details()
 3 SYSTEMPATH/CodeIgniter.php(480): CodeIgniter\CodeIgniter->runController()
 4 SYSTEMPATH/CodeIgniter.php(349): CodeIgniter\CodeIgniter->handleRequest()
 5 FCPATH/index.php(67): CodeIgniter\CodeIgniter->run()
CRITICAL - 2026-02-03 11:02:10 --> Attempt to read property "product_meta_title" on null
in APPPATH/Controllers/Home.php on line 287.
 1 APPPATH/Controllers/Home.php(287): CodeIgniter\Debug\Exceptions->errorHandler()
 2 SYSTEMPATH/CodeIgniter.php(925): App\Controllers\Home->product_details()
 3 SYSTEMPATH/CodeIgniter.php(480): CodeIgniter\CodeIgniter->runController()
 4 SYSTEMPATH/CodeIgniter.php(349): CodeIgniter\CodeIgniter->handleRequest()
 5 FCPATH/index.php(67): CodeIgniter\CodeIgniter->run()
CRITICAL - 2026-02-03 11:02:10 --> Undefined variable $total_cart_amount
in APPPATH/Controllers/Ajex.php on line 214.
 1 APPPATH/Controllers/Ajex.php(214): CodeIgniter\Debug\Exceptions->errorHandler()
 2 SYSTEMPATH/CodeIgniter.php(925): App\Controllers\Ajex->my_cart_list()
 3 SYSTEMPATH/CodeIgniter.php(480): CodeIgniter\CodeIgniter->runController()
 4 SYSTEMPATH/CodeIgniter.php(349): CodeIgniter\CodeIgniter->handleRequest()
 5 FCPATH/index.php(67): CodeIgniter\CodeIgniter->run()
CRITICAL - 2026-02-03 12:14:36 --> Attempt to read property "product_meta_title" on null
in APPPATH/Controllers/Home.php on line 287.
 1 APPPATH/Controllers/Home.php(287): CodeIgniter\Debug\Exceptions->errorHandler()
 2 SYSTEMPATH/CodeIgniter.php(925): App\Controllers\Home->product_details()
 3 SYSTEMPATH/CodeIgniter.php(480): CodeIgniter\CodeIgniter->runController()
 4 SYSTEMPATH/CodeIgniter.php(349): CodeIgniter\CodeIgniter->handleRequest()
 5 FCPATH/index.php(67): CodeIgniter\CodeIgniter->run()
CRITICAL - 2026-02-03 12:14:38 --> Undefined variable $total_cart_amount
in APPPATH/Controllers/Ajex.php on line 214.
 1 APPPATH/Controllers/Ajex.php(214): CodeIgniter\Debug\Exceptions->errorHandler()
 2 SYSTEMPATH/CodeIgniter.php(925): App\Controllers\Ajex->my_cart_list()
 3 SYSTEMPATH/CodeIgniter.php(480): CodeIgniter\CodeIgniter->runController()
 4 SYSTEMPATH/CodeIgniter.php(349): CodeIgniter\CodeIgniter->handleRequest()
 5 FCPATH/index.php(67): CodeIgniter\CodeIgniter->run()
CRITICAL - 2026-02-03 13:46:55 --> Undefined variable $total_cart_amount
in APPPATH/Controllers/Ajex.php on line 214.
 1 APPPATH/Controllers/Ajex.php(214): CodeIgniter\Debug\Exceptions->errorHandler()
 2 SYSTEMPATH/CodeIgniter.php(925): App\Controllers\Ajex->my_cart_list()
 3 SYSTEMPATH/CodeIgniter.php(480): CodeIgniter\CodeIgniter->runController()
 4 SYSTEMPATH/CodeIgniter.php(349): CodeIgniter\CodeIgniter->handleRequest()
 5 FCPATH/index.php(67): CodeIgniter\CodeIgniter->run()
CRITICAL - 2026-02-03 13:46:56 --> Attempt to read property "product_meta_title" on null
in APPPATH/Controllers/Home.php on line 287.
 1 APPPATH/Controllers/Home.php(287): CodeIgniter\Debug\Exceptions->errorHandler()
 2 SYSTEMPATH/CodeIgniter.php(925): App\Controllers\Home->product_details()
 3 SYSTEMPATH/CodeIgniter.php(480): CodeIgniter\CodeIgniter->runController()
 4 SYSTEMPATH/CodeIgniter.php(349): CodeIgniter\CodeIgniter->handleRequest()
 5 FCPATH/index.php(67): CodeIgniter\CodeIgniter->run()
CRITICAL - 2026-02-03 13:46:56 --> Attempt to read property "product_meta_title" on null
in APPPATH/Controllers/Home.php on line 287.
 1 APPPATH/Controllers/Home.php(287): CodeIgniter\Debug\Exceptions->errorHandler()
 2 SYSTEMPATH/CodeIgniter.php(925): App\Controllers\Home->product_details()
 3 SYSTEMPATH/CodeIgniter.php(480): CodeIgniter\CodeIgniter->runController()
 4 SYSTEMPATH/CodeIgniter.php(349): CodeIgniter\CodeIgniter->handleRequest()
 5 FCPATH/index.php(67): CodeIgniter\CodeIgniter->run()
CRITICAL - 2026-02-03 17:57:24 --> Attempt to read property "product_meta_title" on null
in APPPATH/Controllers/Home.php on line 287.
 1 APPPATH/Controllers/Home.php(287): CodeIgniter\Debug\Exceptions->errorHandler()
 2 SYSTEMPATH/CodeIgniter.php(925): App\Controllers\Home->product_details()
 3 SYSTEMPATH/CodeIgniter.php(480): CodeIgniter\CodeIgniter->runController()
 4 SYSTEMPATH/CodeIgniter.php(349): CodeIgniter\CodeIgniter->handleRequest()
 5 FCPATH/index.php(67): CodeIgniter\CodeIgniter->run()
CRITICAL - 2026-02-03 17:57:24 --> Attempt to read property "product_meta_title" on null
in APPPATH/Controllers/Home.php on line 287.
 1 APPPATH/Controllers/Home.php(287): CodeIgniter\Debug\Exceptions->errorHandler()
 2 SYSTEMPATH/CodeIgniter.php(925): App\Controllers\Home->product_details()
 3 SYSTEMPATH/CodeIgniter.php(480): CodeIgniter\CodeIgniter->runController()
 4 SYSTEMPATH/CodeIgniter.php(349): CodeIgniter\CodeIgniter->handleRequest()
 5 FCPATH/index.php(67): CodeIgniter\CodeIgniter->run()
CRITICAL - 2026-02-03 17:57:24 --> Undefined variable $total_cart_amount
in APPPATH/Controllers/Ajex.php on line 214.
 1 APPPATH/Controllers/Ajex.php(214): CodeIgniter\Debug\Exceptions->errorHandler()
 2 SYSTEMPATH/CodeIgniter.php(925): App\Controllers\Ajex->my_cart_list()
 3 SYSTEMPATH/CodeIgniter.php(480): CodeIgniter\CodeIgniter->runController()
 4 SYSTEMPATH/CodeIgniter.php(349): CodeIgniter\CodeIgniter->handleRequest()
 5 FCPATH/index.php(67): CodeIgniter\CodeIgniter->run()
CRITICAL - 2026-02-03 20:50:51 --> Undefined variable $total_cart_amount
in APPPATH/Controllers/Ajex.php on line 214.
 1 APPPATH/Controllers/Ajex.php(214): CodeIgniter\Debug\Exceptions->errorHandler()
 2 SYSTEMPATH/CodeIgniter.php(925): App\Controllers\Ajex->my_cart_list()
 3 SYSTEMPATH/CodeIgniter.php(480): CodeIgniter\CodeIgniter->runController()
 4 SYSTEMPATH/CodeIgniter.php(349): CodeIgniter\CodeIgniter->handleRequest()
 5 FCPATH/index.php(67): CodeIgniter\CodeIgniter->run()
